TN:
SF:app/api/admin/canteen-bank/route.ts
FN:6,GET
FN:22,POST
FNF:2
FNH:0
FNDA:0,GET
FNDA:0,POST
DA:1,0
DA:2,0
DA:4,0
DA:6,0
DA:7,0
DA:8,0
DA:10,0
DA:11,0
DA:13,0
DA:14,0
DA:15,0
DA:17,0
DA:18,0
DA:19,0
DA:22,0
DA:23,0
DA:24,0
DA:26,0
DA:27,0
DA:28,0
DA:29,0
DA:32,0
DA:33,0
DA:35,0
DA:36,0
DA:54,0
DA:55,0
LF:27
LH:0
BRDA:8,0,0,0
BRDA:8,0,1,0
BRDA:8,1,0,0
BRDA:8,1,1,0
BRDA:15,2,0,0
BRDA:15,2,1,0
BRDA:18,3,0,0
BRDA:18,3,1,0
BRDA:19,4,0,0
BRDA:19,4,1,0
BRDA:19,5,0,0
BRDA:19,5,1,0
BRDA:24,6,0,0
BRDA:24,6,1,0
BRDA:24,7,0,0
BRDA:24,7,1,0
BRDA:28,8,0,0
BRDA:28,8,1,0
BRDA:28,9,0,0
BRDA:28,9,1,0
BRDA:28,9,2,0
BRDA:28,9,3,0
BRDA:32,10,0,0
BRDA:32,10,1,0
BRDA:44,11,0,0
BRDA:44,11,1,0
BRDA:45,12,0,0
BRDA:45,12,1,0
BRDA:46,13,0,0
BRDA:46,13,1,0
BRDA:54,14,0,0
BRDA:54,14,1,0
BRF:32
BRH:0
end_of_record
TN:
SF:app/api/admin/canteens/route.ts
FN:9,GET
FNF:1
FNH:1
FNDA:5,GET
DA:1,1
DA:2,1
DA:3,1
DA:4,1
DA:6,1
DA:9,1
DA:10,5
DA:11,5
DA:12,4
DA:13,1
DA:15,3
DA:16,3
DA:21,3
DA:23,2
LF:14
LH:14
BRDA:11,0,0,1
BRDA:11,0,1,4
BRDA:12,1,0,1
BRDA:12,1,1,3
BRDA:21,2,0,1
BRDA:21,2,1,2
BRDA:23,3,0,2
BRDA:23,3,1,0
BRDA:23,4,0,2
BRDA:23,4,1,2
BRF:10
BRH:9
end_of_record
TN:
SF:app/api/admin/canteens/[id]/route.ts
FN:21,PATCH
FN:32,(anonymous_1)
FN:75,DELETE
FNF:3
FNH:0
FNDA:0,PATCH
FNDA:0,(anonymous_1)
FNDA:0,DELETE
DA:1,0
DA:2,0
DA:3,0
DA:5,0
DA:15,0
DA:21,0
DA:25,0
DA:26,0
DA:27,0
DA:28,0
DA:29,0
DA:32,0
DA:33,0
DA:35,0
DA:36,0
DA:37,0
DA:39,0
DA:40,0
DA:42,0
DA:43,0
DA:46,0
DA:47,0
DA:50,0
DA:51,0
DA:53,0
DA:54,0
DA:57,0
DA:58,0
DA:60,0
DA:61,0
DA:68,0
DA:69,0
DA:70,0
DA:72,0
DA:75,0
DA:79,0
DA:80,0
DA:81,0
DA:82,0
DA:83,0
DA:86,0
DA:88,0
DA:90,0
DA:91,0
DA:92,0
DA:93,0
DA:95,0
LF:47
LH:0
BRDA:27,0,0,0
BRDA:27,0,1,0
BRDA:28,1,0,0
BRDA:28,1,1,0
BRDA:33,2,0,0
BRDA:33,2,1,0
BRDA:37,3,0,0
BRDA:37,3,1,0
BRDA:39,4,0,0
BRDA:39,4,1,0
BRDA:42,5,0,0
BRDA:42,5,1,0
BRDA:42,6,0,0
BRDA:42,6,1,0
BRDA:46,7,0,0
BRDA:46,7,1,0
BRDA:46,8,0,0
BRDA:46,8,1,0
BRDA:47,9,0,0
BRDA:47,9,1,0
BRDA:47,10,0,0
BRDA:47,10,1,0
BRDA:50,11,0,0
BRDA:50,11,1,0
BRDA:50,12,0,0
BRDA:50,12,1,0
BRDA:51,13,0,0
BRDA:51,13,1,0
BRDA:53,14,0,0
BRDA:53,14,1,0
BRDA:53,15,0,0
BRDA:53,15,1,0
BRDA:68,16,0,0
BRDA:68,16,1,0
BRDA:81,17,0,0
BRDA:81,17,1,0
BRDA:82,18,0,0
BRDA:82,18,1,0
BRDA:91,19,0,0
BRDA:91,19,1,0
BRF:40
BRH:0
end_of_record
TN:
SF:app/api/admin/canteens/create/route.ts
FN:16,POST
FN:153,(anonymous_1)
FNF:2
FNH:0
FNDA:0,POST
FNDA:0,(anonymous_1)
DA:1,0
DA:2,0
DA:3,0
DA:5,0
DA:16,0
DA:17,0
DA:18,0
DA:19,0
DA:23,0
DA:24,0
DA:26,0
DA:29,0
DA:31,0
DA:32,0
DA:33,0
DA:34,0
DA:35,0
DA:38,0
DA:40,0
DA:41,0
DA:42,0
DA:43,0
DA:44,0
DA:45,0
DA:47,0
DA:49,0
DA:50,0
DA:53,0
DA:56,0
DA:68,0
DA:72,0
DA:73,0
DA:75,0
DA:76,0
DA:77,0
DA:78,0
DA:79,0
DA:80,0
DA:82,0
DA:84,0
DA:87,0
DA:90,0
DA:110,0
DA:112,0
DA:113,0
DA:114,0
DA:118,0
DA:129,0
DA:131,0
DA:132,0
DA:133,0
DA:134,0
DA:142,0
DA:154,0
DA:160,0
DA:162,0
LF:56
LH:0
BRDA:18,0,0,0
BRDA:18,0,1,0
BRDA:18,1,0,0
BRDA:18,1,1,0
BRDA:31,2,0,0
BRDA:31,2,1,0
BRDA:31,3,0,0
BRDA:31,3,1,0
BRDA:31,4,0,0
BRDA:31,4,1,0
BRDA:32,5,0,0
BRDA:32,5,1,0
BRDA:32,6,0,0
BRDA:32,6,1,0
BRDA:32,7,0,0
BRDA:32,7,1,0
BRDA:33,8,0,0
BRDA:33,8,1,0
BRDA:33,9,0,0
BRDA:33,9,1,0
BRDA:33,10,0,0
BRDA:33,10,1,0
BRDA:34,11,0,0
BRDA:34,11,1,0
BRDA:35,12,0,0
BRDA:35,12,1,0
BRDA:35,13,0,0
BRDA:35,13,1,0
BRDA:35,14,0,0
BRDA:35,14,1,0
BRDA:40,15,0,0
BRDA:40,15,1,0
BRDA:42,16,0,0
BRDA:42,16,1,0
BRDA:44,17,0,0
BRDA:44,17,1,0
BRDA:49,18,0,0
BRDA:49,18,1,0
BRDA:68,19,0,0
BRDA:68,19,1,0
BRDA:73,20,0,0
BRDA:73,20,1,0
BRDA:73,21,0,0
BRDA:73,21,1,0
BRDA:75,22,0,0
BRDA:75,22,1,0
BRDA:75,23,0,0
BRDA:75,23,1,0
BRDA:75,23,2,0
BRDA:77,24,0,0
BRDA:77,24,1,0
BRDA:79,25,0,0
BRDA:79,25,1,0
BRDA:79,26,0,0
BRDA:79,26,1,0
BRDA:94,27,0,0
BRDA:94,27,1,0
BRDA:94,28,0,0
BRDA:94,28,1,0
BRDA:94,29,0,0
BRDA:94,29,1,0
BRDA:95,30,0,0
BRDA:95,30,1,0
BRDA:95,31,0,0
BRDA:95,31,1,0
BRDA:95,32,0,0
BRDA:95,32,1,0
BRDA:96,33,0,0
BRDA:96,33,1,0
BRDA:96,34,0,0
BRDA:96,34,1,0
BRDA:96,35,0,0
BRDA:96,35,1,0
BRDA:97,36,0,0
BRDA:97,36,1,0
BRDA:98,37,0,0
BRDA:98,37,1,0
BRDA:99,38,0,0
BRDA:99,38,1,0
BRDA:99,39,0,0
BRDA:99,39,1,0
BRDA:99,40,0,0
BRDA:99,40,1,0
BRDA:110,41,0,0
BRDA:110,41,1,0
BRDA:129,42,0,0
BRDA:129,42,1,0
BRDA:154,43,0,0
BRDA:154,43,1,0
BRF:89
BRH:0
end_of_record
TN:
SF:app/api/admin/platform-charges/route.ts
FN:6,GET
FN:15,PATCH
FNF:2
FNH:0
FNDA:0,GET
FNDA:0,PATCH
DA:1,0
DA:2,0
DA:4,0
DA:6,0
DA:7,0
DA:8,0
DA:10,0
DA:11,0
DA:12,0
DA:15,0
DA:16,0
DA:17,0
DA:19,0
DA:20,0
DA:22,0
DA:23,0
DA:24,0
DA:25,0
DA:27,0
DA:29,0
DA:30,0
DA:32,0
DA:33,0
DA:34,0
DA:35,0
DA:38,0
DA:39,0
DA:41,0
DA:44,0
DA:45,0
LF:30
LH:0
BRDA:8,0,0,0
BRDA:8,0,1,0
BRDA:8,1,0,0
BRDA:8,1,1,0
BRDA:12,2,0,0
BRDA:12,2,1,0
BRDA:12,3,0,0
BRDA:12,3,1,0
BRDA:12,4,0,0
BRDA:12,4,1,0
BRDA:12,5,0,0
BRDA:12,5,1,0
BRDA:17,6,0,0
BRDA:17,6,1,0
BRDA:17,7,0,0
BRDA:17,7,1,0
BRDA:22,8,0,0
BRDA:22,8,1,0
BRDA:22,9,0,0
BRDA:22,9,1,0
BRDA:22,9,2,0
BRDA:24,10,0,0
BRDA:24,10,1,0
BRDA:24,11,0,0
BRDA:24,11,1,0
BRDA:24,11,2,0
BRDA:30,12,0,0
BRDA:30,12,1,0
BRDA:30,13,0,0
BRDA:30,13,1,0
BRDA:30,14,0,0
BRDA:30,14,1,0
BRDA:30,15,0,0
BRDA:30,15,1,0
BRDA:33,16,0,0
BRDA:33,16,1,0
BRDA:34,17,0,0
BRDA:34,17,1,0
BRDA:35,18,0,0
BRDA:35,18,1,0
BRDA:38,19,0,0
BRDA:38,19,1,0
BRDA:41,20,0,0
BRDA:41,20,1,0
BRDA:41,21,0,0
BRDA:41,21,1,0
BRDA:41,22,0,0
BRDA:41,22,1,0
BRDA:41,23,0,0
BRDA:41,23,1,0
BRDA:41,24,0,0
BRDA:41,24,1,0
BRDA:41,25,0,0
BRDA:41,25,1,0
BRDA:44,26,0,0
BRDA:44,26,1,0
BRF:56
BRH:0
end_of_record
TN:
SF:app/api/admin/seed/route.ts
FN:42,rand
FN:43,randInt
FN:70,POST
FN:75,(anonymous_3)
FN:103,statusSummary
FN:119,runSetup
FN:124,(anonymous_6)
FN:141,(anonymous_7)
FN:142,(anonymous_8)
FN:143,(anonymous_9)
FN:143,(anonymous_10)
FN:144,(anonymous_11)
FN:149,(anonymous_12)
FN:150,(anonymous_13)
FN:151,(anonymous_14)
FN:151,(anonymous_15)
FN:152,(anonymous_16)
FN:162,(anonymous_17)
FN:163,(anonymous_18)
FN:164,(anonymous_19)
FN:164,(anonymous_20)
FN:165,(anonymous_21)
FN:190,runUsers
FN:196,(anonymous_23)
FN:201,ensureUser
FN:220,(anonymous_25)
FN:238,runOrders
FN:262,(anonymous_27)
FN:263,(anonymous_28)
FN:297,runSettlements
FN:321,(anonymous_30)
FN:351,runCleanup
FN:356,fetchAllIds
FN:363,(anonymous_33)
FN:450,runWipeAll
FN:453,(anonymous_35)
FN:536,(anonymous_36)
FNF:37
FNH:0
FNDA:0,rand
FNDA:0,randInt
FNDA:0,POST
FNDA:0,(anonymous_3)
FNDA:0,statusSummary
FNDA:0,runSetup
FNDA:0,(anonymous_6)
FNDA:0,(anonymous_7)
FNDA:0,(anonymous_8)
FNDA:0,(anonymous_9)
FNDA:0,(anonymous_10)
FNDA:0,(anonymous_11)
FNDA:0,(anonymous_12)
FNDA:0,(anonymous_13)
FNDA:0,(anonymous_14)
FNDA:0,(anonymous_15)
FNDA:0,(anonymous_16)
FNDA:0,(anonymous_17)
FNDA:0,(anonymous_18)
FNDA:0,(anonymous_19)
FNDA:0,(anonymous_20)
FNDA:0,(anonymous_21)
FNDA:0,runUsers
FNDA:0,(anonymous_23)
FNDA:0,ensureUser
FNDA:0,(anonymous_25)
FNDA:0,runOrders
FNDA:0,(anonymous_27)
FNDA:0,(anonymous_28)
FNDA:0,runSettlements
FNDA:0,(anonymous_30)
FNDA:0,runCleanup
FNDA:0,fetchAllIds
FNDA:0,(anonymous_33)
FNDA:0,runWipeAll
FNDA:0,(anonymous_35)
FNDA:0,(anonymous_36)
DA:1,0
DA:2,0
DA:3,0
DA:5,0
DA:8,0
DA:27,0
DA:42,0
DA:43,0
DA:45,0
DA:55,0
DA:59,0
DA:61,0
DA:68,0
DA:70,0
DA:71,0
DA:72,0
DA:73,0
DA:75,0
DA:76,0
DA:77,0
DA:79,0
DA:80,0
DA:81,0
DA:82,0
DA:83,0
DA:87,0
DA:91,0
DA:92,0
DA:93,0
DA:94,0
DA:97,0
DA:98,0
DA:104,0
DA:110,0
DA:120,0
DA:123,0
DA:124,0
DA:125,0
DA:126,0
DA:127,0
DA:128,0
DA:129,0
DA:132,0
DA:133,0
DA:134,0
DA:137,0
DA:138,0
DA:141,0
DA:142,0
DA:143,0
DA:144,0
DA:146,0
DA:149,0
DA:150,0
DA:151,0
DA:152,0
DA:159,0
DA:162,0
DA:163,0
DA:164,0
DA:165,0
DA:173,0
DA:175,0
DA:176,0
DA:181,0
DA:182,0
DA:183,0
DA:186,0
DA:191,0
DA:192,0
DA:195,0
DA:196,0
DA:198,0
DA:199,0
DA:202,0
DA:203,0
DA:207,0
DA:209,0
DA:211,0
DA:215,0
DA:219,0
DA:220,0
DA:222,0
DA:223,0
DA:224,0
DA:226,0
DA:227,0
DA:228,0
DA:230,0
DA:231,0
DA:234,0
DA:239,0
DA:240,0
DA:243,0
DA:249,0
DA:251,0
DA:252,0
DA:253,0
DA:254,0
DA:256,0
DA:257,0
DA:258,0
DA:259,0
DA:262,0
DA:263,0
DA:264,0
DA:265,0
DA:266,0
DA:268,0
DA:269,0
DA:270,0
DA:271,0
DA:272,0
DA:273,0
DA:274,0
DA:275,0
DA:276,0
DA:277,0
DA:289,0
DA:290,0
DA:291,0
DA:293,0
DA:298,0
DA:299,0
DA:302,0
DA:303,0
DA:308,0
DA:310,0
DA:311,0
DA:312,0
DA:313,0
DA:314,0
DA:321,0
DA:322,0
DA:323,0
DA:324,0
DA:325,0
DA:326,0
DA:341,0
DA:342,0
DA:343,0
DA:344,0
DA:347,0
DA:352,0
DA:353,0
DA:357,0
DA:358,0
DA:359,0
DA:360,0
DA:361,0
DA:362,0
DA:363,0
DA:364,0
DA:366,0
DA:369,0
DA:370,0
DA:371,0
DA:372,0
DA:376,0
DA:377,0
DA:378,0
DA:380,0
DA:381,0
DA:382,0
DA:383,0
DA:388,0
DA:389,0
DA:390,0
DA:392,0
DA:393,0
DA:394,0
DA:395,0
DA:397,0
DA:398,0
DA:399,0
DA:400,0
DA:404,0
DA:405,0
DA:406,0
DA:407,0
DA:408,0
DA:409,0
DA:410,0
DA:411,0
DA:412,0
DA:413,0
DA:414,0
DA:418,0
DA:419,0
DA:420,0
DA:421,0
DA:422,0
DA:424,0
DA:425,0
DA:426,0
DA:427,0
DA:431,0
DA:432,0
DA:433,0
DA:434,0
DA:437,0
DA:438,0
DA:442,0
DA:451,0
DA:452,0
DA:453,0
DA:455,0
DA:456,0
DA:457,0
DA:461,0
DA:471,0
DA:475,0
DA:476,0
DA:479,0
DA:480,0
DA:481,0
DA:482,0
DA:483,0
DA:484,0
DA:485,0
DA:486,0
DA:487,0
DA:488,0
DA:490,0
DA:492,0
DA:496,0
DA:497,0
DA:498,0
DA:499,0
DA:509,0
DA:510,0
DA:513,0
DA:516,0
DA:522,0
DA:523,0
DA:524,0
DA:525,0
DA:533,0
DA:535,0
DA:536,0
DA:537,0
DA:538,0
DA:539,0
DA:544,0
DA:546,0
DA:547,0
DA:551,0
DA:552,0
DA:554,0
DA:556,0
LF:250
LH:0
BRDA:72,0,0,0
BRDA:72,0,1,0
BRDA:72,1,0,0
BRDA:72,1,1,0
BRDA:76,2,0,0
BRDA:76,2,1,0
BRDA:76,3,0,0
BRDA:76,3,1,0
BRDA:80,4,0,0
BRDA:80,4,1,0
BRDA:80,4,2,0
BRDA:80,4,3,0
BRDA:80,4,4,0
BRDA:80,4,5,0
BRDA:80,4,6,0
BRDA:80,4,7,0
BRDA:82,5,0,0
BRDA:82,5,1,0
BRDA:82,6,0,0
BRDA:82,6,1,0
BRDA:84,7,0,0
BRDA:84,7,1,0
BRDA:84,8,0,0
BRDA:84,8,1,0
BRDA:85,9,0,0
BRDA:85,9,1,0
BRDA:85,10,0,0
BRDA:85,10,1,0
BRDA:86,11,0,0
BRDA:86,11,1,0
BRDA:86,12,0,0
BRDA:86,12,1,0
BRDA:88,13,0,0
BRDA:88,13,1,0
BRDA:88,14,0,0
BRDA:88,14,1,0
BRDA:89,15,0,0
BRDA:89,15,1,0
BRDA:89,16,0,0
BRDA:89,16,1,0
BRDA:90,17,0,0
BRDA:90,17,1,0
BRDA:90,18,0,0
BRDA:90,18,1,0
BRDA:98,19,0,0
BRDA:98,19,1,0
BRDA:111,20,0,0
BRDA:111,20,1,0
BRDA:111,21,0,0
BRDA:111,21,1,0
BRDA:112,22,0,0
BRDA:112,22,1,0
BRDA:112,23,0,0
BRDA:112,23,1,0
BRDA:113,24,0,0
BRDA:113,24,1,0
BRDA:113,25,0,0
BRDA:113,25,1,0
BRDA:114,26,0,0
BRDA:114,26,1,0
BRDA:114,27,0,0
BRDA:114,27,1,0
BRDA:124,28,0,0
BRDA:124,28,1,0
BRDA:124,29,0,0
BRDA:124,29,1,0
BRDA:128,30,0,0
BRDA:128,30,1,0
BRDA:132,31,0,0
BRDA:132,31,1,0
BRDA:134,32,0,0
BRDA:134,32,1,0
BRDA:138,33,0,0
BRDA:138,33,1,0
BRDA:138,34,0,0
BRDA:138,34,1,0
BRDA:142,35,0,0
BRDA:142,35,1,0
BRDA:142,36,0,0
BRDA:142,36,1,0
BRDA:146,37,0,0
BRDA:146,37,1,0
BRDA:150,38,0,0
BRDA:150,38,1,0
BRDA:150,39,0,0
BRDA:150,39,1,0
BRDA:159,40,0,0
BRDA:159,40,1,0
BRDA:163,41,0,0
BRDA:163,41,1,0
BRDA:163,42,0,0
BRDA:163,42,1,0
BRDA:173,43,0,0
BRDA:173,43,1,0
BRDA:182,44,0,0
BRDA:182,44,1,0
BRDA:182,45,0,0
BRDA:182,45,1,0
BRDA:182,46,0,0
BRDA:182,46,1,0
BRDA:192,47,0,0
BRDA:192,47,1,0
BRDA:192,48,0,0
BRDA:192,48,1,0
BRDA:196,49,0,0
BRDA:196,49,1,0
BRDA:196,50,0,0
BRDA:196,50,1,0
BRDA:202,51,0,0
BRDA:202,51,1,0
BRDA:207,52,0,0
BRDA:207,52,1,0
BRDA:207,53,0,0
BRDA:207,53,1,0
BRDA:207,54,0,0
BRDA:207,54,1,0
BRDA:207,55,0,0
BRDA:207,55,1,0
BRDA:220,56,0,0
BRDA:220,56,1,0
BRDA:220,57,0,0
BRDA:220,57,1,0
BRDA:249,58,0,0
BRDA:249,58,1,0
BRDA:249,59,0,0
BRDA:249,59,1,0
BRDA:249,60,0,0
BRDA:249,60,1,0
BRDA:249,61,0,0
BRDA:249,61,1,0
BRDA:249,62,0,0
BRDA:249,62,1,0
BRDA:249,63,0,0
BRDA:249,63,1,0
BRDA:252,64,0,0
BRDA:252,64,1,0
BRDA:252,65,0,0
BRDA:252,65,1,0
BRDA:253,66,0,0
BRDA:253,66,1,0
BRDA:253,67,0,0
BRDA:253,67,1,0
BRDA:257,68,0,0
BRDA:257,68,1,0
BRDA:257,69,0,0
BRDA:257,69,1,0
BRDA:258,70,0,0
BRDA:258,70,1,0
BRDA:258,71,0,0
BRDA:258,71,1,0
BRDA:280,72,0,0
BRDA:280,72,1,0
BRDA:280,73,0,0
BRDA:280,73,1,0
BRDA:280,74,0,0
BRDA:280,74,1,0
BRDA:281,75,0,0
BRDA:281,75,1,0
BRDA:281,76,0,0
BRDA:281,76,1,0
BRDA:281,77,0,0
BRDA:281,77,1,0
BRDA:290,78,0,0
BRDA:290,78,1,0
BRDA:299,79,0,0
BRDA:299,79,1,0
BRDA:299,80,0,0
BRDA:299,80,1,0
BRDA:299,81,0,0
BRDA:299,81,1,0
BRDA:321,82,0,0
BRDA:321,82,1,0
BRDA:321,83,0,0
BRDA:321,83,1,0
BRDA:321,84,0,0
BRDA:321,84,1,0
BRDA:322,85,0,0
BRDA:322,85,1,0
BRDA:341,86,0,0
BRDA:341,86,1,0
BRDA:344,87,0,0
BRDA:344,87,1,0
BRDA:361,88,0,0
BRDA:361,88,1,0
BRDA:362,89,0,0
BRDA:362,89,1,0
BRDA:362,90,0,0
BRDA:362,90,1,0
BRDA:364,91,0,0
BRDA:364,91,1,0
BRDA:377,92,0,0
BRDA:377,92,1,0
BRDA:378,93,0,0
BRDA:378,93,1,0
BRDA:378,94,0,0
BRDA:378,94,1,0
BRDA:382,95,0,0
BRDA:382,95,1,0
BRDA:383,96,0,0
BRDA:383,96,1,0
BRDA:383,97,0,0
BRDA:383,97,1,0
BRDA:389,98,0,0
BRDA:389,98,1,0
BRDA:390,99,0,0
BRDA:390,99,1,0
BRDA:390,100,0,0
BRDA:390,100,1,0
BRDA:394,101,0,0
BRDA:394,101,1,0
BRDA:395,102,0,0
BRDA:395,102,1,0
BRDA:395,103,0,0
BRDA:395,103,1,0
BRDA:399,104,0,0
BRDA:399,104,1,0
BRDA:400,105,0,0
BRDA:400,105,1,0
BRDA:400,106,0,0
BRDA:400,106,1,0
BRDA:407,107,0,0
BRDA:407,107,1,0
BRDA:408,108,0,0
BRDA:408,108,1,0
BRDA:408,109,0,0
BRDA:408,109,1,0
BRDA:410,110,0,0
BRDA:410,110,1,0
BRDA:411,111,0,0
BRDA:411,111,1,0
BRDA:411,112,0,0
BRDA:411,112,1,0
BRDA:413,113,0,0
BRDA:413,113,1,0
BRDA:414,114,0,0
BRDA:414,114,1,0
BRDA:414,115,0,0
BRDA:414,115,1,0
BRDA:421,116,0,0
BRDA:421,116,1,0
BRDA:422,117,0,0
BRDA:422,117,1,0
BRDA:422,118,0,0
BRDA:422,118,1,0
BRDA:426,119,0,0
BRDA:426,119,1,0
BRDA:433,120,0,0
BRDA:433,120,1,0
BRDA:434,121,0,0
BRDA:434,121,1,0
BRDA:434,122,0,0
BRDA:434,122,1,0
BRDA:456,123,0,0
BRDA:456,123,1,0
BRDA:457,124,0,0
BRDA:457,124,1,0
BRDA:457,125,0,0
BRDA:457,125,1,0
BRDA:476,126,0,0
BRDA:476,126,1,0
BRDA:476,127,0,0
BRDA:476,127,1,0
BRDA:482,128,0,0
BRDA:482,128,1,0
BRDA:483,129,0,0
BRDA:483,129,1,0
BRDA:483,130,0,0
BRDA:483,130,1,0
BRDA:483,131,0,0
BRDA:483,131,1,0
BRDA:483,132,0,0
BRDA:483,132,1,0
BRDA:484,133,0,0
BRDA:484,133,1,0
BRDA:487,134,0,0
BRDA:487,134,1,0
BRDA:490,135,0,0
BRDA:490,135,1,0
BRDA:498,136,0,0
BRDA:498,136,1,0
BRDA:498,137,0,0
BRDA:498,137,1,0
BRDA:509,138,0,0
BRDA:509,138,1,0
BRDA:509,139,0,0
BRDA:509,139,1,0
BRDA:509,140,0,0
BRDA:509,140,1,0
BRDA:509,141,0,0
BRDA:509,141,1,0
BRDA:533,142,0,0
BRDA:533,142,1,0
BRDA:533,143,0,0
BRDA:533,143,1,0
BRDA:533,144,0,0
BRDA:533,144,1,0
BRDA:533,145,0,0
BRDA:533,145,1,0
BRDA:536,146,0,0
BRDA:536,146,1,0
BRDA:536,147,0,0
BRDA:536,147,1,0
BRDA:536,148,0,0
BRDA:536,148,1,0
BRDA:536,149,0,0
BRDA:536,149,1,0
BRDA:537,150,0,0
BRDA:537,150,1,0
BRDA:537,151,0,0
BRDA:537,151,1,0
BRDA:537,152,0,0
BRDA:537,152,1,0
BRDA:537,153,0,0
BRDA:537,153,1,0
BRDA:537,154,0,0
BRDA:537,154,1,0
BRDA:546,155,0,0
BRDA:546,155,1,0
BRDA:546,156,0,0
BRDA:546,156,1,0
BRDA:546,157,0,0
BRDA:546,157,1,0
BRDA:551,158,0,0
BRDA:551,158,1,0
BRF:324
BRH:0
end_of_record
TN:
SF:app/api/admin/settlements/route.ts
FN:6,r2
FN:8,isValidDateOnly
FN:29,hasActiveProAt
FN:31,(anonymous_3)
FN:39,GET
FN:99,(anonymous_5)
FN:117,(anonymous_6)
FN:125,(anonymous_7)
FN:125,(anonymous_8)
FN:136,(anonymous_9)
FN:137,(anonymous_10)
FN:138,(anonymous_11)
FN:139,(anonymous_12)
FN:140,(anonymous_13)
FN:142,(anonymous_14)
FN:172,(anonymous_15)
FN:173,(anonymous_16)
FN:174,(anonymous_17)
FN:175,(anonymous_18)
FN:176,(anonymous_19)
FN:177,(anonymous_20)
FN:178,(anonymous_21)
FN:179,(anonymous_22)
FN:181,(anonymous_23)
FN:182,(anonymous_24)
FN:185,(anonymous_25)
FN:221,(anonymous_26)
FN:222,(anonymous_27)
FN:223,(anonymous_28)
FN:224,(anonymous_29)
FN:225,(anonymous_30)
FN:226,(anonymous_31)
FN:228,(anonymous_32)
FN:229,(anonymous_33)
FN:230,(anonymous_34)
FN:231,(anonymous_35)
FN:232,(anonymous_36)
FN:233,(anonymous_37)
FN:234,(anonymous_38)
FNF:39
FNH:35
FNDA:33,r2
FNDA:5,isValidDateOnly
FNDA:1,hasActiveProAt
FNDA:0,(anonymous_3)
FNDA:3,GET
FNDA:2,(anonymous_5)
FNDA:2,(anonymous_6)
FNDA:1,(anonymous_7)
FNDA:1,(anonymous_8)
FNDA:1,(anonymous_9)
FNDA:2,(anonymous_10)
FNDA:2,(anonymous_11)
FNDA:2,(anonymous_12)
FNDA:2,(anonymous_13)
FNDA:2,(anonymous_14)
FNDA:2,(anonymous_15)
FNDA:2,(anonymous_16)
FNDA:2,(anonymous_17)
FNDA:2,(anonymous_18)
FNDA:2,(anonymous_19)
FNDA:2,(anonymous_20)
FNDA:2,(anonymous_21)
FNDA:2,(anonymous_22)
FNDA:0,(anonymous_23)
FNDA:0,(anonymous_24)
FNDA:0,(anonymous_25)
FNDA:1,(anonymous_26)
FNDA:1,(anonymous_27)
FNDA:1,(anonymous_28)
FNDA:1,(anonymous_29)
FNDA:1,(anonymous_30)
FNDA:1,(anonymous_31)
FNDA:1,(anonymous_32)
FNDA:1,(anonymous_33)
FNDA:1,(anonymous_34)
FNDA:1,(anonymous_35)
FNDA:1,(anonymous_36)
FNDA:1,(anonymous_37)
FNDA:1,(anonymous_38)
DA:1,1
DA:2,1
DA:4,1
DA:6,33
DA:9,5
DA:10,5
DA:12,4
DA:13,4
DA:14,4
DA:15,4
DA:17,4
DA:30,1
DA:31,1
DA:32,0
DA:33,0
DA:34,0
DA:35,0
DA:39,1
DA:40,3
DA:43,3
DA:44,0
DA:47,3
DA:48,3
DA:50,3
DA:51,3
DA:52,3
DA:53,3
DA:55,3
DA:56,1
DA:59,2
DA:60,1
DA:63,1
DA:73,1
DA:94,1
DA:95,1
DA:96,1
DA:97,1
DA:99,2
DA:103,1
DA:110,1
DA:111,1
DA:112,2
DA:113,2
DA:114,2
DA:117,1
DA:124,2
DA:125,1
DA:126,1
DA:127,1
DA:128,1
DA:129,1
DA:130,1
DA:131,1
DA:134,1
DA:136,1
DA:137,2
DA:138,2
DA:139,2
DA:140,2
DA:142,1
DA:143,2
DA:144,2
DA:145,2
DA:146,2
DA:147,2
DA:148,2
DA:149,2
DA:150,2
DA:151,2
DA:152,2
DA:153,2
DA:154,2
DA:155,2
DA:156,2
DA:157,2
DA:158,2
DA:159,2
DA:172,2
DA:173,2
DA:174,2
DA:175,2
DA:176,2
DA:177,2
DA:178,2
DA:179,2
DA:181,1
DA:182,1
DA:183,1
DA:185,1
DA:187,1
DA:215,1
DA:216,1
DA:221,1
DA:222,1
DA:223,1
DA:224,1
DA:225,1
DA:226,1
DA:228,1
DA:229,1
DA:230,1
DA:231,1
DA:232,1
DA:233,1
DA:234,1
LF:105
LH:100
BRDA:10,0,0,1
BRDA:10,0,1,4
BRDA:32,1,0,0
BRDA:32,1,1,0
BRDA:32,2,0,0
BRDA:32,2,1,0
BRDA:34,3,0,0
BRDA:34,3,1,0
BRDA:35,4,0,0
BRDA:35,4,1,0
BRDA:43,5,0,0
BRDA:43,5,1,3
BRDA:43,6,0,3
BRDA:43,6,1,3
BRDA:43,6,2,0
BRDA:52,7,0,3
BRDA:52,7,1,0
BRDA:53,8,0,3
BRDA:53,8,1,0
BRDA:55,9,0,1
BRDA:55,9,1,2
BRDA:55,10,0,3
BRDA:55,10,1,2
BRDA:59,11,0,1
BRDA:59,11,1,1
BRDA:94,12,0,0
BRDA:94,12,1,1
BRDA:94,13,0,1
BRDA:94,13,1,1
BRDA:95,14,0,1
BRDA:95,14,1,0
BRDA:95,15,0,1
BRDA:95,15,1,1
BRDA:95,16,0,0
BRDA:95,16,1,1
BRDA:95,17,0,1
BRDA:95,17,1,1
BRDA:96,18,0,1
BRDA:96,18,1,0
BRDA:96,19,0,1
BRDA:96,19,1,1
BRDA:96,20,0,0
BRDA:96,20,1,1
BRDA:96,21,0,1
BRDA:96,21,1,1
BRDA:97,22,0,1
BRDA:97,22,1,0
BRDA:97,23,0,1
BRDA:97,23,1,1
BRDA:97,24,0,0
BRDA:97,24,1,1
BRDA:97,25,0,1
BRDA:97,25,1,1
BRDA:99,26,0,1
BRDA:99,26,1,0
BRDA:99,27,0,1
BRDA:99,27,1,1
BRDA:104,28,0,1
BRDA:104,28,1,0
BRDA:111,29,0,1
BRDA:111,29,1,0
BRDA:111,30,0,1
BRDA:111,30,1,1
BRDA:112,31,0,2
BRDA:112,31,1,0
BRDA:112,32,0,2
BRDA:112,32,1,2
BRDA:112,33,0,0
BRDA:112,33,1,2
BRDA:112,34,0,2
BRDA:112,34,1,2
BRDA:113,35,0,2
BRDA:113,35,1,0
BRDA:113,36,0,2
BRDA:113,36,1,2
BRDA:114,37,0,0
BRDA:114,37,1,2
BRDA:114,38,0,2
BRDA:114,38,1,2
BRDA:117,39,0,1
BRDA:117,39,1,0
BRDA:117,40,0,1
BRDA:117,40,1,1
BRDA:125,41,0,1
BRDA:125,41,1,0
BRDA:125,42,0,1
BRDA:125,42,1,1
BRDA:127,43,0,1
BRDA:127,43,1,0
BRDA:127,44,0,1
BRDA:127,44,1,1
BRDA:128,45,0,0
BRDA:128,45,1,1
BRDA:129,46,0,0
BRDA:129,46,1,1
BRDA:129,47,0,1
BRDA:129,47,1,1
BRDA:136,48,0,1
BRDA:136,48,1,0
BRDA:136,49,0,1
BRDA:136,49,1,1
BRDA:137,50,0,1
BRDA:137,50,1,0
BRDA:137,51,0,1
BRDA:137,51,1,1
BRDA:143,52,0,2
BRDA:143,52,1,1
BRDA:143,53,0,2
BRDA:143,53,1,0
BRDA:143,54,0,2
BRDA:143,54,1,2
BRDA:144,55,0,2
BRDA:144,55,1,0
BRDA:144,56,0,2
BRDA:144,56,1,2
BRDA:146,57,0,2
BRDA:146,57,1,0
BRDA:146,58,0,2
BRDA:146,58,1,2
BRDA:146,59,0,0
BRDA:146,59,1,2
BRDA:146,60,0,2
BRDA:146,60,1,2
BRDA:147,61,0,2
BRDA:147,61,1,0
BRDA:147,62,0,2
BRDA:147,62,1,2
BRDA:147,63,0,0
BRDA:147,63,1,2
BRDA:147,64,0,2
BRDA:147,64,1,2
BRDA:148,65,0,2
BRDA:148,65,1,0
BRDA:148,66,0,2
BRDA:148,66,1,2
BRDA:148,67,0,0
BRDA:148,67,1,2
BRDA:148,68,0,2
BRDA:148,68,1,2
BRDA:151,69,0,2
BRDA:151,69,1,0
BRDA:152,70,0,1
BRDA:152,70,1,1
BRDA:152,71,0,2
BRDA:152,71,1,2
BRDA:152,72,0,1
BRDA:152,72,1,1
BRDA:152,73,0,2
BRDA:152,73,1,2
BRDA:154,74,0,1
BRDA:154,74,1,1
BRDA:154,75,0,2
BRDA:154,75,1,2
BRDA:154,76,0,2
BRDA:154,76,1,0
BRDA:154,77,0,2
BRDA:154,77,1,2
BRDA:155,78,0,1
BRDA:155,78,1,1
BRDA:155,79,0,2
BRDA:155,79,1,1
BRDA:181,80,0,1
BRDA:181,80,1,0
BRDA:181,81,0,1
BRDA:181,81,1,1
BRDA:185,82,0,0
BRDA:185,82,1,1
BRDA:185,83,0,1
BRDA:185,83,1,1
BRDA:185,84,0,1
BRDA:185,84,1,0
BRDA:185,85,0,1
BRDA:185,85,1,1
BRDA:208,86,0,0
BRDA:208,86,1,1
BRDA:208,87,0,1
BRDA:208,87,1,0
BRDA:209,88,0,0
BRDA:209,88,1,1
BRDA:219,89,0,0
BRDA:219,89,1,1
BRDA:219,90,0,1
BRDA:219,90,1,1
BRF:183
BRH:133
end_of_record
TN:
SF:app/api/admin/settlements/pay/route.ts
FN:6,POST
FNF:1
FNH:0
FNDA:0,POST
DA:1,0
DA:2,0
DA:4,0
DA:6,0
DA:7,0
DA:8,0
DA:10,0
DA:23,0
DA:25,0
DA:26,0
DA:28,0
DA:30,0
DA:31,0
DA:32,0
DA:34,0
DA:35,0
DA:54,0
DA:55,0
LF:18
LH:0
BRDA:8,0,0,0
BRDA:8,0,1,0
BRDA:8,1,0,0
BRDA:8,1,1,0
BRDA:25,2,0,0
BRDA:25,2,1,0
BRDA:25,3,0,0
BRDA:25,3,1,0
BRDA:25,3,2,0
BRDA:25,3,3,0
BRDA:25,3,4,0
BRDA:28,4,0,0
BRDA:28,4,1,0
BRDA:31,5,0,0
BRDA:31,5,1,0
BRDA:41,6,0,0
BRDA:41,6,1,0
BRDA:41,7,0,0
BRDA:41,7,1,0
BRDA:42,8,0,0
BRDA:42,8,1,0
BRDA:42,9,0,0
BRDA:42,9,1,0
BRDA:43,10,0,0
BRDA:43,10,1,0
BRDA:43,11,0,0
BRDA:43,11,1,0
BRDA:44,12,0,0
BRDA:44,12,1,0
BRDA:44,13,0,0
BRDA:44,13,1,0
BRDA:47,14,0,0
BRDA:47,14,1,0
BRDA:48,15,0,0
BRDA:48,15,1,0
BRDA:54,16,0,0
BRDA:54,16,1,0
BRF:37
BRH:0
end_of_record
TN:
SF:app/api/admin/settlements/payout/route.ts
FN:22,rzpAuth
FN:26,rzpPost
FN:37,POST
FNF:3
FNH:0
FNDA:0,rzpAuth
FNDA:0,rzpPost
FNDA:0,POST
DA:13,0
DA:14,0
DA:16,0
DA:18,0
DA:19,0
DA:20,0
DA:23,0
DA:27,0
DA:32,0
DA:33,0
DA:34,0
DA:37,0
DA:38,0
DA:39,0
DA:40,0
DA:42,0
DA:49,0
DA:51,0
DA:52,0
DA:53,0
DA:54,0
DA:55,0
DA:56,0
DA:57,0
DA:58,0
DA:60,0
DA:63,0
DA:64,0
DA:66,0
DA:73,0
DA:77,0
DA:78,0
DA:80,0
DA:86,0
DA:89,0
DA:102,0
DA:103,0
DA:122,0
DA:124,0
DA:132,0
DA:140,0
DA:141,0
DA:142,0
DA:147,0
DA:148,0
DA:167,0
DA:168,0
LF:47
LH:0
BRDA:18,0,0,0
BRDA:18,0,1,0
BRDA:19,1,0,0
BRDA:19,1,1,0
BRDA:20,2,0,0
BRDA:20,2,1,0
BRDA:33,3,0,0
BRDA:33,3,1,0
BRDA:33,4,0,0
BRDA:33,4,1,0
BRDA:33,5,0,0
BRDA:33,5,1,0
BRDA:33,6,0,0
BRDA:33,6,1,0
BRDA:33,7,0,0
BRDA:33,7,1,0
BRDA:33,8,0,0
BRDA:33,8,1,0
BRDA:33,9,0,0
BRDA:33,9,1,0
BRDA:39,10,0,0
BRDA:39,10,1,0
BRDA:39,11,0,0
BRDA:39,11,1,0
BRDA:51,12,0,0
BRDA:51,12,1,0
BRDA:51,13,0,0
BRDA:51,13,1,0
BRDA:51,13,2,0
BRDA:51,13,3,0
BRDA:51,13,4,0
BRDA:51,13,5,0
BRDA:53,14,0,0
BRDA:53,14,1,0
BRDA:55,15,0,0
BRDA:55,15,1,0
BRDA:55,16,0,0
BRDA:55,16,1,0
BRDA:57,17,0,0
BRDA:57,17,1,0
BRDA:57,18,0,0
BRDA:57,18,1,0
BRDA:57,18,2,0
BRDA:63,19,0,0
BRDA:63,19,1,0
BRDA:63,20,0,0
BRDA:63,20,1,0
BRDA:63,20,2,0
BRDA:75,21,0,0
BRDA:75,21,1,0
BRDA:77,22,0,0
BRDA:77,22,1,0
BRDA:94,23,0,0
BRDA:94,23,1,0
BRDA:98,24,0,0
BRDA:98,24,1,0
BRDA:98,25,0,0
BRDA:98,25,1,0
BRDA:109,26,0,0
BRDA:109,26,1,0
BRDA:109,27,0,0
BRDA:109,27,1,0
BRDA:110,28,0,0
BRDA:110,28,1,0
BRDA:110,29,0,0
BRDA:110,29,1,0
BRDA:111,30,0,0
BRDA:111,30,1,0
BRDA:111,31,0,0
BRDA:111,31,1,0
BRDA:112,32,0,0
BRDA:112,32,1,0
BRDA:112,33,0,0
BRDA:112,33,1,0
BRDA:114,34,0,0
BRDA:114,34,1,0
BRDA:116,35,0,0
BRDA:116,35,1,0
BRDA:122,36,0,0
BRDA:122,36,1,0
BRDA:141,37,0,0
BRDA:141,37,1,0
BRDA:154,38,0,0
BRDA:154,38,1,0
BRDA:154,39,0,0
BRDA:154,39,1,0
BRDA:155,40,0,0
BRDA:155,40,1,0
BRDA:155,41,0,0
BRDA:155,41,1,0
BRDA:156,42,0,0
BRDA:156,42,1,0
BRDA:156,43,0,0
BRDA:156,43,1,0
BRDA:157,44,0,0
BRDA:157,44,1,0
BRDA:157,45,0,0
BRDA:157,45,1,0
BRDA:159,46,0,0
BRDA:159,46,1,0
BRDA:160,47,0,0
BRDA:160,47,1,0
BRDA:161,48,0,0
BRDA:161,48,1,0
BRDA:167,49,0,0
BRDA:167,49,1,0
BRF:106
BRH:0
end_of_record
TN:
SF:app/api/admin/settlements/weekly-report/route.ts
FN:15,r2
FN:26,hasActiveProAt
FN:28,(anonymous_2)
FN:37,weekStart
FN:43,GET
FN:104,(anonymous_5)
FN:121,(anonymous_6)
FN:128,(anonymous_7)
FN:128,(anonymous_8)
FN:137,(anonymous_9)
FN:138,(anonymous_10)
FN:142,(anonymous_11)
FN:144,(anonymous_12)
FN:163,(anonymous_13)
FN:164,(anonymous_14)
FN:165,(anonymous_15)
FN:166,(anonymous_16)
FN:167,(anonymous_17)
FN:168,(anonymous_18)
FN:169,(anonymous_19)
FN:170,(anonymous_20)
FN:171,(anonymous_21)
FN:174,(anonymous_22)
FN:179,(anonymous_23)
FN:202,(anonymous_24)
FN:203,(anonymous_25)
FN:204,(anonymous_26)
FN:205,(anonymous_27)
FN:206,(anonymous_28)
FN:207,(anonymous_29)
FN:208,(anonymous_30)
FN:209,(anonymous_31)
FN:210,(anonymous_32)
FN:211,(anonymous_33)
FN:212,(anonymous_34)
FN:213,(anonymous_35)
FN:214,(anonymous_36)
FNF:37
FNH:32
FNDA:28,r2
FNDA:1,hasActiveProAt
FNDA:0,(anonymous_2)
FNDA:1,weekStart
FNDA:3,GET
FNDA:1,(anonymous_5)
FNDA:1,(anonymous_6)
FNDA:0,(anonymous_7)
FNDA:0,(anonymous_8)
FNDA:1,(anonymous_9)
FNDA:1,(anonymous_10)
FNDA:1,(anonymous_11)
FNDA:1,(anonymous_12)
FNDA:1,(anonymous_13)
FNDA:1,(anonymous_14)
FNDA:1,(anonymous_15)
FNDA:1,(anonymous_16)
FNDA:1,(anonymous_17)
FNDA:1,(anonymous_18)
FNDA:1,(anonymous_19)
FNDA:1,(anonymous_20)
FNDA:1,(anonymous_21)
FNDA:0,(anonymous_22)
FNDA:0,(anonymous_23)
FNDA:1,(anonymous_24)
FNDA:1,(anonymous_25)
FNDA:1,(anonymous_26)
FNDA:1,(anonymous_27)
FNDA:1,(anonymous_28)
FNDA:1,(anonymous_29)
FNDA:1,(anonymous_30)
FNDA:1,(anonymous_31)
FNDA:1,(anonymous_32)
FNDA:1,(anonymous_33)
FNDA:1,(anonymous_34)
FNDA:1,(anonymous_35)
FNDA:1,(anonymous_36)
DA:10,1
DA:11,1
DA:13,1
DA:15,28
DA:27,1
DA:28,1
DA:29,0
DA:30,0
DA:31,0
DA:32,0
DA:38,1
DA:39,1
DA:40,1
DA:43,1
DA:44,3
DA:45,3
DA:46,0
DA:48,3
DA:49,3
DA:50,3
DA:52,3
DA:53,2
DA:56,1
DA:57,1
DA:60,1
DA:61,1
DA:62,1
DA:63,1
DA:64,1
DA:65,1
DA:66,1
DA:72,1
DA:73,1
DA:81,1
DA:100,1
DA:101,1
DA:102,1
DA:103,1
DA:104,1
DA:108,1
DA:115,1
DA:116,1
DA:117,1
DA:118,1
DA:121,1
DA:127,1
DA:128,1
DA:129,1
DA:130,1
DA:131,0
DA:132,0
DA:133,0
DA:134,0
DA:137,1
DA:138,1
DA:139,1
DA:140,1
DA:142,1
DA:144,1
DA:145,1
DA:146,1
DA:147,1
DA:148,1
DA:149,1
DA:150,1
DA:151,1
DA:152,1
DA:153,1
DA:154,1
DA:155,1
DA:156,1
DA:157,1
DA:158,1
DA:159,1
DA:160,1
DA:163,1
DA:164,1
DA:165,1
DA:166,1
DA:167,1
DA:168,1
DA:169,1
DA:170,1
DA:171,1
DA:174,1
DA:176,0
DA:177,0
DA:179,1
DA:181,1
DA:201,1
DA:202,1
DA:203,1
DA:204,1
DA:205,1
DA:206,1
DA:207,1
DA:208,1
DA:209,1
DA:210,1
DA:211,1
DA:212,1
DA:213,1
DA:214,1
DA:217,1
LF:104
LH:93
BRDA:29,0,0,0
BRDA:29,0,1,0
BRDA:29,1,0,0
BRDA:29,1,1,0
BRDA:31,2,0,0
BRDA:31,2,1,0
BRDA:32,3,0,0
BRDA:32,3,1,0
BRDA:39,4,0,0
BRDA:39,4,1,1
BRDA:45,5,0,0
BRDA:45,5,1,3
BRDA:45,6,0,3
BRDA:45,6,1,3
BRDA:50,7,0,0
BRDA:50,7,1,3
BRDA:52,8,0,2
BRDA:52,8,1,1
BRDA:52,9,0,3
BRDA:52,9,1,2
BRDA:52,9,2,1
BRDA:100,10,0,0
BRDA:100,10,1,1
BRDA:100,11,0,1
BRDA:100,11,1,1
BRDA:101,12,0,1
BRDA:101,12,1,0
BRDA:101,13,0,1
BRDA:101,13,1,1
BRDA:101,14,0,0
BRDA:101,14,1,1
BRDA:101,15,0,1
BRDA:101,15,1,1
BRDA:102,16,0,1
BRDA:102,16,1,0
BRDA:102,17,0,1
BRDA:102,17,1,1
BRDA:102,18,0,0
BRDA:102,18,1,1
BRDA:102,19,0,1
BRDA:102,19,1,1
BRDA:103,20,0,1
BRDA:103,20,1,0
BRDA:103,21,0,1
BRDA:103,21,1,1
BRDA:103,22,0,0
BRDA:103,22,1,1
BRDA:103,23,0,1
BRDA:103,23,1,1
BRDA:104,24,0,1
BRDA:104,24,1,0
BRDA:104,25,0,1
BRDA:104,25,1,1
BRDA:109,26,0,1
BRDA:109,26,1,0
BRDA:116,27,0,1
BRDA:116,27,1,0
BRDA:116,28,0,1
BRDA:116,28,1,1
BRDA:117,29,0,1
BRDA:117,29,1,0
BRDA:117,30,0,1
BRDA:117,30,1,1
BRDA:117,31,0,1
BRDA:117,31,1,0
BRDA:117,32,0,1
BRDA:117,32,1,1
BRDA:118,33,0,0
BRDA:118,33,1,1
BRDA:118,34,0,1
BRDA:118,34,1,1
BRDA:121,35,0,1
BRDA:121,35,1,0
BRDA:121,36,0,1
BRDA:121,36,1,1
BRDA:128,37,0,1
BRDA:128,37,1,0
BRDA:128,38,0,1
BRDA:128,38,1,1
BRDA:130,39,0,1
BRDA:130,39,1,0
BRDA:130,40,0,1
BRDA:130,40,1,1
BRDA:131,41,0,0
BRDA:131,41,1,0
BRDA:132,42,0,0
BRDA:132,42,1,0
BRDA:132,43,0,0
BRDA:132,43,1,0
BRDA:138,44,0,1
BRDA:138,44,1,0
BRDA:138,45,0,1
BRDA:138,45,1,1
BRDA:140,46,0,1
BRDA:140,46,1,1
BRDA:145,47,0,1
BRDA:145,47,1,1
BRDA:145,48,0,1
BRDA:145,48,1,0
BRDA:145,49,0,1
BRDA:145,49,1,1
BRDA:146,50,0,1
BRDA:146,50,1,0
BRDA:146,51,0,1
BRDA:146,51,1,1
BRDA:148,52,0,1
BRDA:148,52,1,0
BRDA:148,53,0,1
BRDA:148,53,1,1
BRDA:148,54,0,0
BRDA:148,54,1,1
BRDA:148,55,0,1
BRDA:148,55,1,1
BRDA:149,56,0,1
BRDA:149,56,1,0
BRDA:149,57,0,1
BRDA:149,57,1,1
BRDA:149,58,0,0
BRDA:149,58,1,1
BRDA:149,59,0,1
BRDA:149,59,1,1
BRDA:150,60,0,1
BRDA:150,60,1,0
BRDA:150,61,0,1
BRDA:150,61,1,1
BRDA:150,62,0,0
BRDA:150,62,1,1
BRDA:150,63,0,1
BRDA:150,63,1,1
BRDA:153,64,0,1
BRDA:153,64,1,0
BRDA:154,65,0,0
BRDA:154,65,1,1
BRDA:154,66,0,1
BRDA:154,66,1,1
BRDA:154,67,0,1
BRDA:154,67,1,0
BRDA:154,68,0,1
BRDA:154,68,1,1
BRDA:155,69,0,0
BRDA:155,69,1,1
BRDA:155,70,0,1
BRDA:155,70,1,1
BRDA:155,71,0,1
BRDA:155,71,1,0
BRDA:155,72,0,1
BRDA:155,72,1,1
BRDA:156,73,0,0
BRDA:156,73,1,1
BRDA:156,74,0,1
BRDA:156,74,1,1
BRDA:174,75,0,1
BRDA:174,75,1,0
BRDA:174,76,0,1
BRDA:174,76,1,1
BRDA:176,77,0,0
BRDA:176,77,1,0
BRDA:176,78,0,0
BRDA:176,78,1,0
BRDA:176,79,0,0
BRDA:176,79,1,0
BRDA:176,80,0,0
BRDA:176,80,1,0
BRDA:177,81,0,0
BRDA:177,81,1,0
BRF:165
BRH:106
end_of_record
TN:
SF:app/api/admin/stats/route.ts
FN:10,GET
FN:54,(anonymous_1)
FN:55,(anonymous_2)
FN:57,(anonymous_3)
FN:58,(anonymous_4)
FN:81,(anonymous_5)
FNF:6
FNH:0
FNDA:0,GET
FNDA:0,(anonymous_1)
FNDA:0,(anonymous_2)
FNDA:0,(anonymous_3)
FNDA:0,(anonymous_4)
FNDA:0,(anonymous_5)
DA:1,0
DA:2,0
DA:4,0
DA:10,0
DA:11,0
DA:15,0
DA:16,0
DA:18,0
DA:21,0
DA:22,0
DA:23,0
DA:24,0
DA:25,0
DA:28,0
DA:37,0
DA:50,0
DA:51,0
DA:54,0
DA:55,0
DA:57,0
DA:58,0
DA:61,0
DA:62,0
DA:63,0
DA:64,0
DA:65,0
DA:66,0
DA:68,0
DA:69,0
DA:70,0
DA:71,0
DA:72,0
DA:73,0
DA:74,0
DA:75,0
DA:76,0
DA:78,0
DA:81,0
DA:82,0
DA:83,0
DA:92,0
LF:41
LH:0
BRDA:15,0,0,0
BRDA:15,0,1,0
BRDA:15,1,0,0
BRDA:15,1,1,0
BRDA:15,1,2,0
BRDA:50,2,0,0
BRDA:50,2,1,0
BRDA:54,3,0,0
BRDA:54,3,1,0
BRDA:54,4,0,0
BRDA:54,4,1,0
BRDA:55,5,0,0
BRDA:55,5,1,0
BRDA:57,6,0,0
BRDA:57,6,1,0
BRDA:57,7,0,0
BRDA:57,7,1,0
BRDA:58,8,0,0
BRDA:58,8,1,0
BRDA:68,9,0,0
BRDA:68,9,1,0
BRDA:68,10,0,0
BRDA:68,10,1,0
BRDA:69,11,0,0
BRDA:69,11,1,0
BRDA:74,12,0,0
BRDA:74,12,1,0
BRDA:75,13,0,0
BRDA:75,13,1,0
BRDA:81,14,0,0
BRDA:81,14,1,0
BRDA:81,15,0,0
BRDA:81,15,1,0
BRDA:82,16,0,0
BRDA:82,16,1,0
BRDA:86,17,0,0
BRDA:86,17,1,0
BRDA:87,18,0,0
BRDA:87,18,1,0
BRDA:87,19,0,0
BRDA:87,19,1,0
BRDA:87,20,0,0
BRDA:87,20,1,0
BRDA:87,21,0,0
BRDA:87,21,1,0
BRDA:88,22,0,0
BRDA:88,22,1,0
BRDA:94,23,0,0
BRDA:94,23,1,0
BRDA:94,24,0,0
BRDA:94,24,1,0
BRDA:95,25,0,0
BRDA:95,25,1,0
BRDA:95,26,0,0
BRDA:95,26,1,0
BRF:55
BRH:0
end_of_record
TN:
SF:app/api/admin/users/route.ts
FN:9,GET
FN:26,(anonymous_1)
FN:35,POST
FN:40,(anonymous_3)
FN:122,PATCH
FN:127,(anonymous_5)
FN:183,DELETE
FN:188,(anonymous_7)
FN:205,(anonymous_8)
FNF:9
FNH:3
FNDA:0,GET
FNDA:0,(anonymous_1)
FNDA:15,POST
FNDA:0,(anonymous_3)
FNDA:5,PATCH
FNDA:0,(anonymous_5)
FNDA:4,DELETE
FNDA:0,(anonymous_7)
FNDA:0,(anonymous_8)
DA:1,1
DA:2,1
DA:3,1
DA:4,1
DA:6,1
DA:9,1
DA:10,0
DA:11,0
DA:12,0
DA:14,0
DA:15,0
DA:21,0
DA:23,0
DA:26,0
DA:35,1
DA:36,15
DA:37,15
DA:38,14
DA:40,13
DA:41,13
DA:43,13
DA:44,13
DA:45,12
DA:46,11
DA:47,10
DA:48,10
DA:53,9
DA:55,9
DA:56,0
DA:57,9
DA:58,8
DA:59,1
DA:60,0
DA:62,1
DA:64,8
DA:65,0
DA:68,8
DA:69,8
DA:70,1
DA:73,7
DA:75,7
DA:83,7
DA:85,1
DA:86,1
DA:88,1
DA:89,1
DA:90,0
DA:91,0
DA:92,0
DA:93,0
DA:94,0
DA:95,0
DA:97,0
DA:99,1
DA:102,6
DA:103,6
DA:112,6
DA:113,1
DA:114,1
DA:117,5
DA:122,1
DA:123,5
DA:124,5
DA:125,4
DA:127,3
DA:128,3
DA:130,3
DA:131,3
DA:133,2
DA:136,2
DA:137,1
DA:138,1
DA:139,1
DA:141,1
DA:147,2
DA:148,2
DA:149,0
DA:150,0
DA:151,0
DA:152,0
DA:153,0
DA:154,0
DA:155,0
DA:156,0
DA:158,0
DA:159,0
DA:160,0
DA:161,0
DA:162,0
DA:167,2
DA:168,2
DA:169,2
DA:170,2
DA:171,2
DA:173,2
DA:174,1
DA:175,1
DA:178,2
DA:183,1
DA:184,4
DA:185,4
DA:186,3
DA:188,3
DA:189,3
DA:190,3
DA:193,2
DA:195,1
DA:201,1
DA:203,1
DA:205,0
DA:206,0
DA:207,0
DA:208,0
DA:211,0
DA:213,0
DA:215,0
DA:217,0
DA:219,1
DA:223,1
DA:224,1
DA:225,0
DA:226,0
DA:229,1
LF:123
LH:82
BRDA:11,0,0,0
BRDA:11,0,1,0
BRDA:12,1,0,0
BRDA:12,1,1,0
BRDA:21,2,0,0
BRDA:21,2,1,0
BRDA:26,3,0,0
BRDA:26,3,1,0
BRDA:26,4,0,0
BRDA:26,4,1,0
BRDA:37,5,0,1
BRDA:37,5,1,14
BRDA:38,6,0,1
BRDA:38,6,1,13
BRDA:41,7,0,0
BRDA:41,7,1,13
BRDA:44,8,0,1
BRDA:44,8,1,12
BRDA:44,9,0,1
BRDA:44,9,1,12
BRDA:44,10,0,13
BRDA:44,10,1,13
BRDA:45,11,0,1
BRDA:45,11,1,11
BRDA:45,12,0,1
BRDA:45,12,1,11
BRDA:45,13,0,12
BRDA:45,13,1,12
BRDA:46,14,0,1
BRDA:46,14,1,10
BRDA:47,15,0,0
BRDA:47,15,1,10
BRDA:47,16,0,0
BRDA:47,16,1,10
BRDA:47,17,0,10
BRDA:47,17,1,10
BRDA:48,18,0,1
BRDA:48,18,1,9
BRDA:48,19,0,1
BRDA:48,19,1,9
BRDA:48,20,0,10
BRDA:48,20,1,10
BRDA:55,21,0,0
BRDA:55,21,1,9
BRDA:57,22,0,8
BRDA:57,22,1,1
BRDA:59,23,0,0
BRDA:59,23,1,1
BRDA:64,24,0,0
BRDA:64,24,1,8
BRDA:69,25,0,1
BRDA:69,25,1,7
BRDA:69,26,0,8
BRDA:69,26,1,8
BRDA:83,27,0,1
BRDA:83,27,1,6
BRDA:86,28,0,1
BRDA:86,28,1,0
BRDA:86,29,0,1
BRDA:86,29,1,1
BRDA:88,30,0,1
BRDA:88,30,1,0
BRDA:88,31,0,1
BRDA:88,31,1,0
BRDA:88,31,2,0
BRDA:90,32,0,0
BRDA:90,32,1,0
BRDA:92,33,0,0
BRDA:92,33,1,0
BRDA:94,34,0,0
BRDA:94,34,1,0
BRDA:94,35,0,0
BRDA:94,35,1,0
BRDA:109,36,0,6
BRDA:109,36,1,5
BRDA:112,37,0,1
BRDA:112,37,1,5
BRDA:124,38,0,1
BRDA:124,38,1,4
BRDA:125,39,0,1
BRDA:125,39,1,3
BRDA:128,40,0,0
BRDA:128,40,1,3
BRDA:131,41,0,1
BRDA:131,41,1,2
BRDA:136,42,0,1
BRDA:136,42,1,1
BRDA:137,43,0,0
BRDA:137,43,1,1
BRDA:139,44,0,0
BRDA:139,44,1,1
BRDA:148,45,0,0
BRDA:148,45,1,2
BRDA:149,46,0,0
BRDA:149,46,1,0
BRDA:149,47,0,0
BRDA:149,47,1,0
BRDA:149,48,0,0
BRDA:149,48,1,0
BRDA:151,49,0,0
BRDA:151,49,1,0
BRDA:152,50,0,0
BRDA:152,50,1,0
BRDA:153,51,0,0
BRDA:153,51,1,0
BRDA:155,52,0,0
BRDA:155,52,1,0
BRDA:159,53,0,0
BRDA:159,53,1,0
BRDA:160,54,0,0
BRDA:160,54,1,0
BRDA:160,55,0,0
BRDA:160,55,1,0
BRDA:161,56,0,0
BRDA:161,56,1,0
BRDA:168,57,0,0
BRDA:168,57,1,2
BRDA:169,58,0,0
BRDA:169,58,1,2
BRDA:170,59,0,1
BRDA:170,59,1,1
BRDA:170,60,0,1
BRDA:170,60,1,0
BRDA:171,61,0,0
BRDA:171,61,1,2
BRDA:173,62,0,1
BRDA:173,62,1,1
BRDA:175,63,0,0
BRDA:175,63,1,1
BRDA:185,64,0,1
BRDA:185,64,1,3
BRDA:186,65,0,0
BRDA:186,65,1,3
BRDA:189,66,0,0
BRDA:189,66,1,3
BRDA:189,67,0,3
BRDA:189,67,1,3
BRDA:190,68,0,1
BRDA:190,68,1,2
BRDA:193,69,0,1
BRDA:193,69,1,1
BRDA:205,70,0,0
BRDA:205,70,1,0
BRDA:205,71,0,0
BRDA:205,71,1,0
BRDA:206,72,0,0
BRDA:206,72,1,0
BRDA:224,73,0,0
BRDA:224,73,1,1
BRF:149
BRH:81
end_of_record
TN:
SF:app/api/admin/users/reset-password/route.ts
FN:11,POST
FN:17,(anonymous_1)
FNF:2
FNH:0
FNDA:0,POST
FNDA:0,(anonymous_1)
DA:1,0
DA:2,0
DA:3,0
DA:4,0
DA:6,0
DA:11,0
DA:12,0
DA:13,0
DA:14,0
DA:15,0
DA:17,0
DA:18,0
DA:19,0
DA:22,0
DA:25,0
DA:31,0
DA:32,0
DA:36,0
DA:37,0
DA:45,0
DA:46,0
DA:49,0
LF:22
LH:0
BRDA:13,0,0,0
BRDA:13,0,1,0
BRDA:14,1,0,0
BRDA:14,1,1,0
BRDA:18,2,0,0
BRDA:18,2,1,0
BRDA:18,3,0,0
BRDA:18,3,1,0
BRDA:18,4,0,0
BRDA:18,4,1,0
BRDA:18,5,0,0
BRDA:18,5,1,0
BRDA:31,6,0,0
BRDA:31,6,1,0
BRDA:31,7,0,0
BRDA:31,7,1,0
BRDA:31,8,0,0
BRDA:31,8,1,0
BRDA:31,9,0,0
BRDA:31,9,1,0
BRDA:36,10,0,0
BRDA:36,10,1,0
BRDA:36,11,0,0
BRDA:36,11,1,0
BRDA:36,12,0,0
BRDA:36,12,1,0
BRDA:36,13,0,0
BRDA:36,13,1,0
BRDA:45,14,0,0
BRDA:45,14,1,0
BRF:30
BRH:0
end_of_record
TN:
SF:app/api/auth/account/route.ts
FN:36,DELETE
FNF:1
FNH:1
FNDA:9,DELETE
DA:1,1
DA:2,1
DA:3,1
DA:4,1
DA:7,1
DA:36,1
DA:37,9
DA:38,9
DA:40,8
DA:41,8
DA:42,5
DA:48,3
DA:49,3
DA:50,0
DA:56,3
DA:57,3
DA:60,3
DA:74,3
DA:75,2
DA:78,2
DA:79,1
DA:90,2
DA:91,2
DA:99,2
LF:24
LH:23
BRDA:38,0,0,1
BRDA:38,0,1,8
BRDA:41,1,0,5
BRDA:41,1,1,3
BRDA:49,2,0,0
BRDA:49,2,1,3
BRDA:74,3,0,2
BRDA:74,3,1,1
BRDA:78,4,0,1
BRDA:78,4,1,1
BRF:10
BRH:9
end_of_record
TN:
SF:app/api/auth/change-password/route.ts
FN:11,POST
FNF:1
FNH:0
FNDA:0,POST
DA:1,0
DA:2,0
DA:4,0
DA:11,0
DA:12,0
DA:13,0
DA:14,0
DA:18,0
DA:19,0
DA:21,0
DA:24,0
DA:25,0
DA:26,0
DA:29,0
DA:30,0
DA:39,0
DA:40,0
DA:43,0
LF:18
LH:0
BRDA:13,0,0,0
BRDA:13,0,1,0
BRDA:25,1,0,0
BRDA:25,1,1,0
BRDA:25,2,0,0
BRDA:25,2,1,0
BRDA:25,3,0,0
BRDA:25,3,1,0
BRDA:26,4,0,0
BRDA:26,4,1,0
BRDA:39,5,0,0
BRDA:39,5,1,0
BRF:12
BRH:0
end_of_record
TN:
SF:app/api/auth/phone/whatsapp/route.ts
FN:9,sendVerification
FN:30,POST
FNF:2
FNH:0
FNDA:0,sendVerification
FNDA:0,POST
DA:1,0
DA:3,0
DA:4,0
DA:5,0
DA:6,0
DA:10,0
DA:11,0
DA:12,0
DA:23,0
DA:24,0
DA:25,0
DA:27,0
DA:30,0
DA:32,0
DA:33,0
DA:34,0
DA:36,0
DA:40,0
DA:41,0
DA:45,0
DA:47,0
DA:50,0
DA:51,0
DA:53,0
DA:56,0
LF:25
LH:0
BRDA:10,0,0,0
BRDA:10,0,1,0
BRDA:10,1,0,0
BRDA:10,1,1,0
BRDA:10,1,2,0
BRDA:23,2,0,0
BRDA:23,2,1,0
BRDA:40,3,0,0
BRDA:40,3,1,0
BRDA:40,4,0,0
BRDA:40,4,1,0
BRDA:45,5,0,0
BRDA:45,5,1,0
BRDA:51,6,0,0
BRDA:51,6,1,0
BRF:15
BRH:0
end_of_record
TN:
SF:app/api/auth/resolve-username/route.ts
FN:15,POST
FNF:1
FNH:1
FNDA:8,POST
DA:1,1
DA:3,1
DA:15,1
DA:17,8
DA:18,8
DA:20,1
DA:23,7
DA:24,7
DA:25,2
DA:27,5
DA:28,1
DA:31,4
DA:34,4
DA:40,4
DA:41,1
DA:43,3
DA:44,1
DA:47,2
LF:18
LH:18
BRDA:23,0,0,1
BRDA:23,0,1,6
BRDA:23,1,0,7
BRDA:23,1,1,7
BRDA:24,2,0,2
BRDA:24,2,1,5
BRDA:24,3,0,7
BRDA:24,3,1,6
BRDA:27,4,0,1
BRDA:27,4,1,4
BRDA:40,5,0,1
BRDA:40,5,1,3
BRDA:43,6,0,1
BRDA:43,6,1,2
BRDA:43,7,0,1
BRDA:43,7,1,2
BRDA:43,8,0,3
BRDA:43,8,1,2
BRF:18
BRH:18
end_of_record
TN:
SF:app/api/auth/session/route.ts
FN:17,getDeviceInfo
FN:23,getIpHash
FN:30,getAuthedUser
FN:42,POST
FN:91,PATCH
FN:96,(anonymous_6)
FN:119,DELETE
FNF:7
FNH:0
FNDA:0,getDeviceInfo
FNDA:0,getIpHash
FNDA:0,getAuthedUser
FNDA:0,POST
FNDA:0,PATCH
FNDA:0,(anonymous_6)
FNDA:0,DELETE
DA:11,0
DA:12,0
DA:14,0
DA:15,0
DA:18,0
DA:20,0
DA:24,0
DA:25,0
DA:27,0
DA:31,0
DA:32,0
DA:33,0
DA:34,0
DA:35,0
DA:36,0
DA:38,0
DA:42,0
DA:43,0
DA:44,0
DA:46,0
DA:47,0
DA:48,0
DA:49,0
DA:52,0
DA:53,0
DA:55,0
DA:65,0
DA:67,0
DA:75,0
DA:87,0
DA:91,0
DA:92,0
DA:93,0
DA:95,0
DA:96,0
DA:97,0
DA:98,0
DA:100,0
DA:104,0
DA:109,0
DA:110,0
DA:112,0
DA:115,0
DA:119,0
DA:120,0
DA:121,0
DA:123,0
DA:126,0
DA:132,0
DA:133,0
DA:135,0
DA:147,0
LF:52
LH:0
BRDA:14,0,0,0
BRDA:14,0,1,0
BRDA:15,1,0,0
BRDA:15,1,1,0
BRDA:18,2,0,0
BRDA:18,2,1,0
BRDA:18,3,0,0
BRDA:18,3,1,0
BRDA:24,4,0,0
BRDA:24,4,1,0
BRDA:24,5,0,0
BRDA:24,5,1,0
BRDA:25,6,0,0
BRDA:25,6,1,0
BRDA:27,7,0,0
BRDA:27,7,1,0
BRDA:31,8,0,0
BRDA:31,8,1,0
BRDA:31,9,0,0
BRDA:31,9,1,0
BRDA:33,10,0,0
BRDA:33,10,1,0
BRDA:36,11,0,0
BRDA:36,11,1,0
BRDA:36,12,0,0
BRDA:36,12,1,0
BRDA:44,13,0,0
BRDA:44,13,1,0
BRDA:65,14,0,0
BRDA:65,14,1,0
BRDA:87,15,0,0
BRDA:87,15,1,0
BRDA:87,16,0,0
BRDA:87,16,1,0
BRDA:93,17,0,0
BRDA:93,17,1,0
BRDA:100,18,0,0
BRDA:100,18,1,0
BRDA:109,19,0,0
BRDA:109,19,1,0
BRDA:121,20,0,0
BRDA:121,20,1,0
BRDA:147,21,0,0
BRDA:147,21,1,0
BRDA:147,22,0,0
BRDA:147,22,1,0
BRF:46
BRH:0
end_of_record
TN:
SF:app/api/auth/setup-account/route.ts
FN:14,POST
FNF:1
FNH:0
FNDA:0,POST
DA:1,0
DA:2,0
DA:4,0
DA:14,0
DA:15,0
DA:16,0
DA:17,0
DA:21,0
DA:22,0
DA:24,0
DA:27,0
DA:30,0
DA:31,0
DA:33,0
DA:34,0
DA:36,0
DA:37,0
DA:39,0
DA:40,0
DA:41,0
DA:43,0
DA:44,0
DA:46,0
DA:47,0
DA:51,0
DA:54,0
DA:59,0
DA:60,0
DA:64,0
DA:74,0
DA:75,0
DA:79,0
DA:83,0
DA:85,0
DA:90,0
DA:95,0
LF:36
LH:0
BRDA:16,0,0,0
BRDA:16,0,1,0
BRDA:30,1,0,0
BRDA:30,1,1,0
BRDA:30,2,0,0
BRDA:30,2,1,0
BRDA:30,3,0,0
BRDA:30,3,1,0
BRDA:33,4,0,0
BRDA:33,4,1,0
BRDA:36,5,0,0
BRDA:36,5,1,0
BRDA:36,6,0,0
BRDA:36,6,1,0
BRDA:36,7,0,0
BRDA:36,7,1,0
BRDA:40,8,0,0
BRDA:40,8,1,0
BRDA:43,9,0,0
BRDA:43,9,1,0
BRDA:43,10,0,0
BRDA:43,10,1,0
BRDA:43,11,0,0
BRDA:43,11,1,0
BRDA:47,12,0,0
BRDA:47,12,1,0
BRDA:48,13,0,0
BRDA:48,13,1,0
BRDA:48,14,0,0
BRDA:48,14,1,0
BRDA:49,15,0,0
BRDA:49,15,1,0
BRDA:59,16,0,0
BRDA:59,16,1,0
BRDA:74,17,0,0
BRDA:74,17,1,0
BRDA:83,18,0,0
BRDA:83,18,1,0
BRDA:83,19,0,0
BRDA:83,19,1,0
BRDA:83,20,0,0
BRDA:83,20,1,0
BRDA:90,21,0,0
BRDA:90,21,1,0
BRF:44
BRH:0
end_of_record
TN:
SF:app/api/bins/route.ts
FN:5,GET
FN:18,(anonymous_1)
FN:19,(anonymous_2)
FN:35,(anonymous_3)
FNF:4
FNH:0
FNDA:0,GET
FNDA:0,(anonymous_1)
FNDA:0,(anonymous_2)
FNDA:0,(anonymous_3)
DA:1,0
DA:2,0
DA:3,0
DA:5,0
DA:6,0
DA:7,0
DA:8,0
DA:9,0
DA:12,0
DA:13,0
DA:16,0
DA:18,0
DA:19,0
DA:22,0
DA:23,0
DA:24,0
DA:25,0
DA:30,0
DA:31,0
DA:35,0
DA:36,0
DA:37,0
DA:38,0
DA:46,0
DA:48,0
DA:49,0
LF:26
LH:0
BRDA:8,0,0,0
BRDA:8,0,1,0
BRDA:12,1,0,0
BRDA:12,1,1,0
BRDA:12,2,0,0
BRDA:12,2,1,0
BRDA:13,3,0,0
BRDA:13,3,1,0
BRDA:18,4,0,0
BRDA:18,4,1,0
BRDA:18,5,0,0
BRDA:18,5,1,0
BRDA:18,6,0,0
BRDA:18,6,1,0
BRDA:18,7,0,0
BRDA:18,7,1,0
BRDA:23,8,0,0
BRDA:23,8,1,0
BRDA:30,9,0,0
BRDA:30,9,1,0
BRDA:30,10,0,0
BRDA:30,10,1,0
BRDA:31,11,0,0
BRDA:31,11,1,0
BRDA:31,12,0,0
BRDA:31,12,1,0
BRDA:31,13,0,0
BRDA:31,13,1,0
BRDA:31,14,0,0
BRDA:31,14,1,0
BRDA:36,15,0,0
BRDA:36,15,1,0
BRDA:36,16,0,0
BRDA:36,16,1,0
BRDA:36,17,0,0
BRDA:36,17,1,0
BRDA:36,18,0,0
BRDA:36,18,1,0
BRDA:37,19,0,0
BRDA:37,19,1,0
BRDA:37,20,0,0
BRDA:37,20,1,0
BRDA:37,21,0,0
BRDA:37,21,1,0
BRDA:37,22,0,0
BRDA:37,22,1,0
BRDA:40,23,0,0
BRDA:40,23,1,0
BRDA:41,24,0,0
BRDA:41,24,1,0
BRF:50
BRH:0
end_of_record
TN:
SF:app/api/bins/[id]/mark-picked/route.ts
FN:11,POST
FN:20,(anonymous_1)
FNF:2
FNH:2
FNDA:9,POST
FNDA:3,(anonymous_1)
DA:1,1
DA:2,1
DA:3,1
DA:4,1
DA:6,1
DA:11,1
DA:15,9
DA:16,9
DA:17,8
DA:18,1
DA:20,7
DA:21,7
DA:23,7
DA:24,7
DA:27,7
DA:33,7
DA:36,6
DA:37,1
DA:40,5
DA:42,5
DA:43,1
DA:47,4
DA:48,3
DA:49,1
DA:51,2
DA:52,2
DA:53,2
DA:54,1
DA:59,2
DA:72,2
DA:73,0
DA:76,2
LF:32
LH:31
BRDA:16,0,0,1
BRDA:16,0,1,8
BRDA:17,1,0,1
BRDA:17,1,1,7
BRDA:21,2,0,2
BRDA:21,2,1,5
BRDA:21,3,0,7
BRDA:21,3,1,7
BRDA:21,4,0,5
BRDA:21,4,1,2
BRDA:21,5,0,7
BRDA:21,5,1,7
BRDA:21,6,0,3
BRDA:21,6,1,4
BRDA:21,7,0,7
BRDA:21,7,1,4
BRDA:33,8,0,1
BRDA:33,8,1,6
BRDA:33,9,0,7
BRDA:33,9,1,6
BRDA:36,10,0,1
BRDA:36,10,1,5
BRDA:36,11,0,6
BRDA:36,11,1,5
BRDA:40,12,0,0
BRDA:40,12,1,5
BRDA:40,13,0,5
BRDA:40,13,1,2
BRDA:42,14,0,1
BRDA:42,14,1,4
BRDA:42,15,0,5
BRDA:42,15,1,4
BRDA:47,16,0,3
BRDA:47,16,1,1
BRDA:48,17,0,1
BRDA:48,17,1,2
BRDA:53,18,0,1
BRDA:53,18,1,1
BRDA:53,19,0,2
BRDA:53,19,1,1
BRDA:72,20,0,0
BRDA:72,20,1,2
BRF:42
BRH:40
end_of_record
TN:
SF:app/api/bins/[id]/status/route.ts
FN:15,PATCH
FNF:1
FNH:0
FNDA:0,PATCH
DA:1,0
DA:2,0
DA:3,0
DA:4,0
DA:6,0
DA:15,0
DA:19,0
DA:20,0
DA:21,0
DA:22,0
DA:24,0
DA:26,0
DA:27,0
DA:28,0
DA:29,0
DA:30,0
DA:33,0
DA:34,0
DA:39,0
DA:41,0
DA:42,0
DA:45,0
DA:50,0
DA:51,0
DA:52,0
DA:53,0
DA:54,0
DA:55,0
DA:56,0
DA:60,0
DA:61,0
DA:63,0
LF:32
LH:0
BRDA:20,0,0,0
BRDA:20,0,1,0
BRDA:21,1,0,0
BRDA:21,1,1,0
BRDA:27,2,0,0
BRDA:27,2,1,0
BRDA:27,3,0,0
BRDA:27,3,1,0
BRDA:27,4,0,0
BRDA:27,4,1,0
BRDA:27,5,0,0
BRDA:27,5,1,0
BRDA:29,6,0,0
BRDA:29,6,1,0
BRDA:39,7,0,0
BRDA:39,7,1,0
BRDA:39,8,0,0
BRDA:39,8,1,0
BRDA:41,9,0,0
BRDA:41,9,1,0
BRDA:41,10,0,0
BRDA:41,10,1,0
BRDA:50,11,0,0
BRDA:50,11,1,0
BRDA:54,12,0,0
BRDA:54,12,1,0
BRDA:56,13,0,0
BRDA:56,13,1,0
BRDA:61,14,0,0
BRDA:61,14,1,0
BRF:30
BRH:0
end_of_record
TN:
SF:app/api/bins/[id]/verify-otp/route.ts
FN:11,POST
FN:23,(anonymous_1)
FNF:2
FNH:0
FNDA:0,POST
FNDA:0,(anonymous_1)
DA:1,0
DA:2,0
DA:3,0
DA:4,0
DA:5,0
DA:7,0
DA:11,0
DA:15,0
DA:16,0
DA:17,0
DA:18,0
DA:19,0
DA:20,0
DA:23,0
DA:24,0
DA:25,0
DA:27,0
DA:28,0
DA:30,0
DA:36,0
DA:37,0
DA:38,0
DA:41,0
DA:47,0
DA:48,0
DA:51,0
DA:52,0
DA:53,0
DA:60,0
DA:65,0
LF:30
LH:0
BRDA:16,0,0,0
BRDA:16,0,1,0
BRDA:17,1,0,0
BRDA:17,1,1,0
BRDA:19,2,0,0
BRDA:19,2,1,0
BRDA:24,3,0,0
BRDA:24,3,1,0
BRDA:24,4,0,0
BRDA:24,4,1,0
BRDA:24,5,0,0
BRDA:24,5,1,0
BRDA:24,6,0,0
BRDA:24,6,1,0
BRDA:24,7,0,0
BRDA:24,7,1,0
BRDA:24,8,0,0
BRDA:24,8,1,0
BRDA:25,9,0,0
BRDA:25,9,1,0
BRDA:25,10,0,0
BRDA:25,10,1,0
BRDA:36,11,0,0
BRDA:36,11,1,0
BRDA:36,12,0,0
BRDA:36,12,1,0
BRDA:36,13,0,0
BRDA:36,13,1,0
BRDA:37,14,0,0
BRDA:37,14,1,0
BRDA:37,15,0,0
BRDA:37,15,1,0
BRDA:47,16,0,0
BRDA:47,16,1,0
BRDA:48,17,0,0
BRDA:48,17,1,0
BRDA:52,18,0,0
BRDA:52,18,1,0
BRF:38
BRH:0
end_of_record
TN:
SF:app/api/canteen/bins/regenerate/route.ts
FN:12,POST
FNF:1
FNH:0
FNDA:0,POST
DA:1,0
DA:2,0
DA:3,0
DA:4,0
DA:6,0
DA:12,0
DA:13,0
DA:14,0
DA:16,0
DA:17,0
DA:18,0
DA:21,0
DA:22,0
DA:24,0
DA:27,0
DA:29,0
DA:30,0
DA:35,0
DA:38,0
DA:45,0
DA:46,0
LF:21
LH:0
BRDA:14,0,0,0
BRDA:14,0,1,0
BRDA:17,1,0,0
BRDA:17,1,1,0
BRDA:24,2,0,0
BRDA:24,2,1,0
BRDA:24,3,0,0
BRDA:24,3,1,0
BRDA:25,4,0,0
BRDA:25,4,1,0
BRDA:25,5,0,0
BRDA:25,5,1,0
BRDA:25,6,0,0
BRDA:25,6,1,0
BRDA:25,7,0,0
BRDA:25,7,1,0
BRDA:26,8,0,0
BRDA:26,8,1,0
BRDA:26,9,0,0
BRDA:26,9,1,0
BRDA:27,10,0,0
BRDA:27,10,1,0
BRDA:35,11,0,0
BRDA:35,11,1,0
BRDA:35,12,0,0
BRDA:35,12,1,0
BRDA:35,13,0,0
BRDA:35,13,1,0
BRF:28
BRH:0
end_of_record
TN:
SF:app/api/canteen/earnings/route.ts
FN:16,r2
FN:18,isValidDateOnly
FN:39,hasActiveProAt
FN:41,(anonymous_3)
FN:49,GET
FN:123,(anonymous_5)
FN:141,(anonymous_6)
FN:148,(anonymous_7)
FN:148,(anonymous_8)
FN:157,(anonymous_9)
FN:194,(anonymous_10)
FN:195,(anonymous_11)
FN:196,(anonymous_12)
FN:200,(anonymous_13)
FN:201,(anonymous_14)
FN:202,(anonymous_15)
FN:203,(anonymous_16)
FN:204,(anonymous_17)
FN:207,(anonymous_18)
FN:208,(anonymous_19)
FN:209,(anonymous_20)
FNF:21
FNH:17
FNDA:23,r2
FNDA:5,isValidDateOnly
FNDA:1,hasActiveProAt
FNDA:0,(anonymous_3)
FNDA:3,GET
FNDA:1,(anonymous_5)
FNDA:1,(anonymous_6)
FNDA:0,(anonymous_7)
FNDA:0,(anonymous_8)
FNDA:1,(anonymous_9)
FNDA:1,(anonymous_10)
FNDA:1,(anonymous_11)
FNDA:1,(anonymous_12)
FNDA:1,(anonymous_13)
FNDA:1,(anonymous_14)
FNDA:1,(anonymous_15)
FNDA:1,(anonymous_16)
FNDA:1,(anonymous_17)
FNDA:1,(anonymous_18)
FNDA:1,(anonymous_19)
FNDA:0,(anonymous_20)
DA:11,1
DA:12,1
DA:14,1
DA:16,23
DA:19,5
DA:20,5
DA:22,4
DA:23,4
DA:24,4
DA:25,4
DA:27,4
DA:40,1
DA:41,1
DA:42,0
DA:43,0
DA:44,0
DA:45,0
DA:49,1
DA:50,3
DA:51,3
DA:53,3
DA:54,3
DA:55,0
DA:57,3
DA:58,3
DA:59,3
DA:60,3
DA:61,3
DA:62,3
DA:64,3
DA:65,1
DA:68,2
DA:69,1
DA:72,1
DA:75,1
DA:81,1
DA:84,1
DA:88,1
DA:89,0
DA:98,1
DA:119,1
DA:120,1
DA:121,1
DA:122,1
DA:123,1
DA:127,1
DA:134,1
DA:135,1
DA:136,1
DA:137,1
DA:138,1
DA:141,1
DA:147,1
DA:148,1
DA:149,1
DA:150,1
DA:151,0
DA:152,0
DA:153,0
DA:154,0
DA:157,1
DA:158,1
DA:159,1
DA:160,1
DA:161,1
DA:162,1
DA:163,1
DA:164,1
DA:165,1
DA:166,1
DA:167,1
DA:168,1
DA:169,1
DA:170,1
DA:171,1
DA:194,1
DA:195,1
DA:196,1
DA:197,1
DA:200,1
DA:201,1
DA:202,1
DA:203,1
DA:204,1
DA:207,1
DA:208,1
DA:209,0
DA:211,1
DA:213,1
LF:89
LH:78
BRDA:20,0,0,1
BRDA:20,0,1,4
BRDA:42,1,0,0
BRDA:42,1,1,0
BRDA:42,2,0,0
BRDA:42,2,1,0
BRDA:44,3,0,0
BRDA:44,3,1,0
BRDA:45,4,0,0
BRDA:45,4,1,0
BRDA:51,5,0,0
BRDA:51,5,1,3
BRDA:54,6,0,0
BRDA:54,6,1,3
BRDA:54,7,0,3
BRDA:54,7,1,0
BRDA:54,8,0,3
BRDA:54,8,1,3
BRDA:61,9,0,3
BRDA:61,9,1,0
BRDA:62,10,0,3
BRDA:62,10,1,0
BRDA:64,11,0,1
BRDA:64,11,1,2
BRDA:64,12,0,3
BRDA:64,12,1,2
BRDA:68,13,0,1
BRDA:68,13,1,1
BRDA:81,14,0,0
BRDA:81,14,1,1
BRDA:81,15,0,1
BRDA:81,15,1,1
BRDA:84,16,0,0
BRDA:84,16,1,1
BRDA:84,17,0,1
BRDA:84,17,1,1
BRDA:85,18,0,0
BRDA:85,18,1,0
BRDA:88,19,0,0
BRDA:88,19,1,1
BRDA:119,20,0,0
BRDA:119,20,1,1
BRDA:119,21,0,1
BRDA:119,21,1,1
BRDA:120,22,0,1
BRDA:120,22,1,0
BRDA:120,23,0,1
BRDA:120,23,1,1
BRDA:120,24,0,0
BRDA:120,24,1,1
BRDA:120,25,0,1
BRDA:120,25,1,1
BRDA:121,26,0,1
BRDA:121,26,1,0
BRDA:121,27,0,1
BRDA:121,27,1,1
BRDA:121,28,0,0
BRDA:121,28,1,1
BRDA:121,29,0,1
BRDA:121,29,1,1
BRDA:122,30,0,1
BRDA:122,30,1,0
BRDA:122,31,0,1
BRDA:122,31,1,1
BRDA:122,32,0,0
BRDA:122,32,1,1
BRDA:122,33,0,1
BRDA:122,33,1,1
BRDA:123,34,0,1
BRDA:123,34,1,0
BRDA:123,35,0,1
BRDA:123,35,1,1
BRDA:128,36,0,1
BRDA:128,36,1,0
BRDA:135,37,0,1
BRDA:135,37,1,0
BRDA:135,38,0,1
BRDA:135,38,1,1
BRDA:136,39,0,1
BRDA:136,39,1,0
BRDA:136,40,0,1
BRDA:136,40,1,1
BRDA:136,41,0,0
BRDA:136,41,1,1
BRDA:136,42,0,1
BRDA:136,42,1,1
BRDA:137,43,0,1
BRDA:137,43,1,0
BRDA:137,44,0,1
BRDA:137,44,1,1
BRDA:138,45,0,0
BRDA:138,45,1,1
BRDA:138,46,0,1
BRDA:138,46,1,1
BRDA:141,47,0,1
BRDA:141,47,1,0
BRDA:141,48,0,1
BRDA:141,48,1,1
BRDA:148,49,0,1
BRDA:148,49,1,0
BRDA:148,50,0,1
BRDA:148,50,1,1
BRDA:150,51,0,1
BRDA:150,51,1,0
BRDA:150,52,0,1
BRDA:150,52,1,1
BRDA:151,53,0,0
BRDA:151,53,1,0
BRDA:152,54,0,0
BRDA:152,54,1,0
BRDA:152,55,0,0
BRDA:152,55,1,0
BRDA:157,56,0,1
BRDA:157,56,1,0
BRDA:157,57,0,1
BRDA:157,57,1,1
BRDA:158,58,0,1
BRDA:158,58,1,0
BRDA:158,59,0,1
BRDA:158,59,1,0
BRDA:158,60,0,1
BRDA:158,60,1,1
BRDA:159,61,0,1
BRDA:159,61,1,0
BRDA:159,62,0,1
BRDA:159,62,1,1
BRDA:161,63,0,1
BRDA:161,63,1,0
BRDA:161,64,0,1
BRDA:161,64,1,1
BRDA:161,65,0,0
BRDA:161,65,1,1
BRDA:161,66,0,1
BRDA:161,66,1,1
BRDA:162,67,0,1
BRDA:162,67,1,0
BRDA:162,68,0,1
BRDA:162,68,1,1
BRDA:162,69,0,0
BRDA:162,69,1,1
BRDA:162,70,0,1
BRDA:162,70,1,1
BRDA:163,71,0,1
BRDA:163,71,1,0
BRDA:163,72,0,1
BRDA:163,72,1,1
BRDA:163,73,0,0
BRDA:163,73,1,1
BRDA:163,74,0,1
BRDA:163,74,1,1
BRDA:166,75,0,1
BRDA:166,75,1,0
BRDA:167,76,0,0
BRDA:167,76,1,1
BRDA:167,77,0,1
BRDA:167,77,1,1
BRDA:167,78,0,1
BRDA:167,78,1,0
BRDA:167,79,0,1
BRDA:167,79,1,1
BRDA:168,80,0,0
BRDA:168,80,1,1
BRDA:168,81,0,1
BRDA:168,81,1,1
BRDA:209,82,0,1
BRDA:209,82,1,0
BRDA:209,83,0,1
BRDA:209,83,1,1
BRDA:220,84,0,1
BRDA:220,84,1,0
BRDA:220,85,0,1
BRDA:220,85,1,1
BRF:172
BRH:115
end_of_record
TN:
SF:app/api/canteen/live-orders/route.ts
FN:13,GET
FN:57,(anonymous_1)
FN:79,(anonymous_2)
FN:85,(anonymous_3)
FN:91,(anonymous_4)
FN:97,(anonymous_5)
FN:115,(anonymous_6)
FN:142,(anonymous_7)
FNF:8
FNH:0
FNDA:0,GET
FNDA:0,(anonymous_1)
FNDA:0,(anonymous_2)
FNDA:0,(anonymous_3)
FNDA:0,(anonymous_4)
FNDA:0,(anonymous_5)
FNDA:0,(anonymous_6)
FNDA:0,(anonymous_7)
DA:1,0
DA:2,0
DA:3,0
DA:5,0
DA:13,0
DA:14,0
DA:15,0
DA:16,0
DA:17,0
DA:20,0
DA:21,0
DA:23,0
DA:26,0
DA:28,0
DA:43,0
DA:49,0
DA:54,0
DA:55,0
DA:57,0
DA:77,0
DA:79,0
DA:85,0
DA:91,0
DA:97,0
DA:101,0
DA:102,0
DA:103,0
DA:104,0
DA:105,0
DA:110,0
DA:111,0
DA:113,0
DA:114,0
DA:115,0
DA:116,0
DA:117,0
DA:118,0
DA:120,0
DA:121,0
DA:123,0
DA:125,0
DA:129,0
DA:130,0
DA:134,0
DA:142,0
DA:143,0
DA:144,0
DA:145,0
DA:148,0
LF:49
LH:0
BRDA:15,0,0,0
BRDA:15,0,1,0
BRDA:16,1,0,0
BRDA:16,1,1,0
BRDA:23,2,0,0
BRDA:23,2,1,0
BRDA:23,3,0,0
BRDA:23,3,1,0
BRDA:24,4,0,0
BRDA:24,4,1,0
BRDA:24,5,0,0
BRDA:24,5,1,0
BRDA:24,6,0,0
BRDA:24,6,1,0
BRDA:24,7,0,0
BRDA:24,7,1,0
BRDA:25,8,0,0
BRDA:25,8,1,0
BRDA:25,9,0,0
BRDA:25,9,1,0
BRDA:26,10,0,0
BRDA:26,10,1,0
BRDA:54,11,0,0
BRDA:54,11,1,0
BRDA:57,12,0,0
BRDA:57,12,1,0
BRDA:57,13,0,0
BRDA:57,13,1,0
BRDA:58,14,0,0
BRDA:58,14,1,0
BRDA:58,15,0,0
BRDA:58,15,1,0
BRDA:59,16,0,0
BRDA:59,16,1,0
BRDA:59,17,0,0
BRDA:59,17,1,0
BRDA:60,18,0,0
BRDA:60,18,1,0
BRDA:60,19,0,0
BRDA:60,19,1,0
BRDA:61,20,0,0
BRDA:61,20,1,0
BRDA:61,21,0,0
BRDA:61,21,1,0
BRDA:64,22,0,0
BRDA:64,22,1,0
BRDA:64,23,0,0
BRDA:64,23,1,0
BRDA:64,24,0,0
BRDA:64,24,1,0
BRDA:64,25,0,0
BRDA:64,25,1,0
BRDA:64,26,0,0
BRDA:64,26,1,0
BRDA:64,27,0,0
BRDA:64,27,1,0
BRDA:110,28,0,0
BRDA:110,28,1,0
BRDA:114,29,0,0
BRDA:114,29,1,0
BRDA:115,30,0,0
BRDA:115,30,1,0
BRDA:115,31,0,0
BRDA:115,31,1,0
BRDA:117,32,0,0
BRDA:117,32,1,0
BRDA:117,33,0,0
BRDA:117,33,1,0
BRDA:125,34,0,0
BRDA:125,34,1,0
BRDA:129,35,0,0
BRDA:129,35,1,0
BRDA:142,36,0,0
BRDA:142,36,1,0
BRDA:142,37,0,0
BRDA:142,37,1,0
BRDA:143,38,0,0
BRDA:143,38,1,0
BRDA:143,39,0,0
BRDA:143,39,1,0
BRDA:144,40,0,0
BRDA:144,40,1,0
BRDA:144,41,0,0
BRDA:144,41,1,0
BRDA:148,42,0,0
BRDA:148,42,1,0
BRDA:148,43,0,0
BRDA:148,43,1,0
BRF:88
BRH:0
end_of_record
TN:
SF:app/api/canteen/logs/route.ts
FN:17,GET
FN:37,loadOrders
FN:53,(anonymous_2)
FN:55,loadMenu
FN:75,(anonymous_4)
FN:160,(anonymous_5)
FNF:6
FNH:0
FNDA:0,GET
FNDA:0,loadOrders
FNDA:0,(anonymous_2)
FNDA:0,loadMenu
FNDA:0,(anonymous_4)
FNDA:0,(anonymous_5)
DA:10,0
DA:11,0
DA:13,0
DA:17,0
DA:18,0
DA:19,0
DA:20,0
DA:21,0
DA:23,0
DA:25,0
DA:27,0
DA:28,0
DA:31,0
DA:33,0
DA:38,0
DA:45,0
DA:46,0
DA:53,0
DA:56,0
DA:63,0
DA:64,0
DA:66,0
DA:75,0
DA:79,0
DA:81,0
DA:82,0
DA:83,0
DA:84,0
DA:93,0
DA:94,0
DA:103,0
DA:104,0
DA:113,0
DA:114,0
DA:123,0
DA:124,0
DA:136,0
DA:137,0
DA:148,0
DA:149,0
DA:160,0
DA:161,0
LF:42
LH:0
BRDA:19,0,0,0
BRDA:19,0,1,0
BRDA:20,1,0,0
BRDA:20,1,1,0
BRDA:20,2,0,0
BRDA:20,2,1,0
BRDA:20,3,0,0
BRDA:20,3,1,0
BRDA:28,4,0,0
BRDA:28,4,1,0
BRDA:29,5,0,0
BRDA:29,5,1,0
BRDA:29,6,0,0
BRDA:29,6,1,0
BRDA:29,7,0,0
BRDA:29,7,1,0
BRDA:30,8,0,0
BRDA:30,8,1,0
BRDA:30,9,0,0
BRDA:30,9,1,0
BRDA:31,10,0,0
BRDA:31,10,1,0
BRDA:45,11,0,0
BRDA:45,11,1,0
BRDA:45,12,0,0
BRDA:45,12,1,0
BRDA:45,13,0,0
BRDA:45,13,1,0
BRDA:53,14,0,0
BRDA:53,14,1,0
BRDA:53,15,0,0
BRDA:53,15,1,0
BRDA:63,16,0,0
BRDA:63,16,1,0
BRDA:63,17,0,0
BRDA:63,17,1,0
BRDA:63,18,0,0
BRDA:63,18,1,0
BRDA:75,19,0,0
BRDA:75,19,1,0
BRDA:75,20,0,0
BRDA:75,20,1,0
BRDA:83,21,0,0
BRDA:83,21,1,0
BRDA:88,22,0,0
BRDA:88,22,1,0
BRDA:93,23,0,0
BRDA:93,23,1,0
BRDA:96,24,0,0
BRDA:96,24,1,0
BRDA:96,25,0,0
BRDA:96,25,1,0
BRDA:103,26,0,0
BRDA:103,26,1,0
BRDA:106,27,0,0
BRDA:106,27,1,0
BRDA:106,28,0,0
BRDA:106,28,1,0
BRDA:113,29,0,0
BRDA:113,29,1,0
BRDA:116,30,0,0
BRDA:116,30,1,0
BRDA:116,31,0,0
BRDA:116,31,1,0
BRDA:123,32,0,0
BRDA:123,32,1,0
BRDA:123,33,0,0
BRDA:123,33,1,0
BRDA:126,34,0,0
BRDA:126,34,1,0
BRDA:126,35,0,0
BRDA:126,35,1,0
BRDA:141,36,0,0
BRDA:141,36,1,0
BRDA:141,37,0,0
BRDA:141,37,1,0
BRDA:151,38,0,0
BRDA:151,38,1,0
BRDA:151,39,0,0
BRDA:151,39,1,0
BRDA:152,40,0,0
BRDA:152,40,1,0
BRF:82
BRH:0
end_of_record
TN:
SF:app/api/canteen/menu/route.ts
FN:9,missingColumn
FN:16,canEdit
FN:21,resolveCanteenId
FN:31,GET
FN:62,(anonymous_4)
FN:73,POST
FN:80,(anonymous_6)
FNF:7
FNH:3
FNDA:0,missingColumn
FNDA:4,canEdit
FNDA:3,resolveCanteenId
FNDA:0,GET
FNDA:0,(anonymous_4)
FNDA:4,POST
FNDA:0,(anonymous_6)
DA:1,1
DA:2,1
DA:3,1
DA:5,1
DA:7,1
DA:10,0
DA:11,0
DA:12,0
DA:13,0
DA:17,4
DA:22,3
DA:23,3
DA:24,3
DA:25,0
DA:27,3
DA:31,1
DA:32,0
DA:33,0
DA:34,0
DA:35,0
DA:37,0
DA:38,0
DA:43,0
DA:44,0
DA:46,0
DA:47,0
DA:48,0
DA:55,0
DA:58,0
DA:59,0
DA:60,0
DA:61,0
DA:62,0
DA:63,0
DA:64,0
DA:66,0
DA:67,0
DA:69,0
DA:73,1
DA:74,4
DA:75,4
DA:76,4
DA:77,3
DA:78,3
DA:80,3
DA:81,3
DA:83,3
DA:84,3
DA:85,3
DA:86,2
DA:87,0
DA:89,2
DA:92,2
DA:93,1
DA:96,1
DA:112,1
DA:113,1
DA:114,1
DA:115,1
DA:116,0
DA:117,0
DA:118,0
DA:119,0
DA:121,1
DA:122,0
DA:124,1
LF:66
LH:33
BRDA:11,0,0,0
BRDA:11,0,1,0
BRDA:12,1,0,0
BRDA:12,1,1,0
BRDA:12,2,0,0
BRDA:12,2,1,0
BRDA:17,3,0,4
BRDA:17,3,1,1
BRDA:17,3,2,1
BRDA:17,3,3,1
BRDA:24,4,0,0
BRDA:24,4,1,3
BRDA:24,5,0,3
BRDA:24,5,1,3
BRDA:25,6,0,0
BRDA:25,6,1,0
BRDA:25,7,0,0
BRDA:25,7,1,0
BRDA:25,8,0,0
BRDA:25,8,1,0
BRDA:25,9,0,0
BRDA:25,9,1,0
BRDA:27,10,0,3
BRDA:27,10,1,0
BRDA:27,11,0,3
BRDA:27,11,1,3
BRDA:33,12,0,0
BRDA:33,12,1,0
BRDA:35,13,0,0
BRDA:35,13,1,0
BRDA:46,14,0,0
BRDA:46,14,1,0
BRDA:55,15,0,0
BRDA:55,15,1,0
BRDA:58,16,0,0
BRDA:58,16,1,0
BRDA:58,17,0,0
BRDA:58,17,1,0
BRDA:58,18,0,0
BRDA:58,18,1,0
BRDA:61,19,0,0
BRDA:61,19,1,0
BRDA:63,20,0,0
BRDA:63,20,1,0
BRDA:66,21,0,0
BRDA:66,21,1,0
BRDA:67,22,0,0
BRDA:67,22,1,0
BRDA:67,23,0,0
BRDA:67,23,1,0
BRDA:75,24,0,0
BRDA:75,24,1,4
BRDA:76,25,0,1
BRDA:76,25,1,3
BRDA:78,26,0,0
BRDA:78,26,1,3
BRDA:81,27,0,0
BRDA:81,27,1,3
BRDA:83,28,0,3
BRDA:83,28,1,0
BRDA:85,29,0,1
BRDA:85,29,1,2
BRDA:86,30,0,0
BRDA:86,30,1,2
BRDA:86,31,0,2
BRDA:86,31,1,2
BRDA:89,32,0,2
BRDA:89,32,1,0
BRDA:92,33,0,1
BRDA:92,33,1,1
BRDA:99,34,0,0
BRDA:99,34,1,1
BRDA:101,35,0,0
BRDA:101,35,1,1
BRDA:102,36,0,0
BRDA:102,36,1,1
BRDA:104,37,0,0
BRDA:104,37,1,1
BRDA:105,38,0,0
BRDA:105,38,1,1
BRDA:115,39,0,1
BRDA:115,39,1,1
BRDA:117,40,0,0
BRDA:117,40,1,0
BRDA:117,41,0,0
BRDA:117,41,1,0
BRDA:121,42,0,0
BRDA:121,42,1,1
BRDA:121,43,0,1
BRDA:121,43,1,1
BRDA:122,44,0,0
BRDA:122,44,1,0
BRDA:122,45,0,0
BRDA:122,45,1,0
BRDA:122,46,0,0
BRDA:122,46,1,0
BRDA:122,47,0,0
BRDA:122,47,1,0
BRF:98
BRH:34
end_of_record
TN:
SF:app/api/canteen/menu/[id]/route.ts
FN:9,missingColumn
FN:16,canEdit
FN:21,ensureCanteenScope
FN:34,PATCH
FN:43,(anonymous_4)
FN:102,DELETE
FNF:6
FNH:4
FNDA:0,missingColumn
FNDA:3,canEdit
FNDA:3,ensureCanteenScope
FNDA:2,PATCH
FNDA:0,(anonymous_4)
FNDA:1,DELETE
DA:1,1
DA:2,1
DA:3,1
DA:5,1
DA:7,1
DA:10,0
DA:11,0
DA:12,0
DA:13,0
DA:17,3
DA:26,3
DA:27,3
DA:28,3
DA:29,3
DA:30,2
DA:34,1
DA:38,2
DA:39,2
DA:40,2
DA:42,2
DA:43,2
DA:44,2
DA:46,2
DA:47,2
DA:48,2
DA:50,1
DA:55,1
DA:56,1
DA:57,12
DA:59,1
DA:61,0
DA:63,1
DA:64,0
DA:65,0
DA:66,0
DA:68,0
DA:70,1
DA:71,0
DA:74,1
DA:75,1
DA:81,1
DA:82,0
DA:83,0
DA:84,0
DA:85,0
DA:86,0
DA:93,1
DA:94,1
DA:95,0
DA:96,0
DA:98,1
DA:102,1
DA:106,1
DA:107,1
DA:108,1
DA:110,1
DA:111,1
DA:112,1
DA:113,1
DA:115,1
DA:116,1
DA:117,1
LF:62
LH:45
BRDA:11,0,0,0
BRDA:11,0,1,0
BRDA:12,1,0,0
BRDA:12,1,1,0
BRDA:12,2,0,0
BRDA:12,2,1,0
BRDA:17,3,0,3
BRDA:17,3,1,0
BRDA:17,3,2,0
BRDA:17,3,3,0
BRDA:26,4,0,0
BRDA:26,4,1,3
BRDA:26,5,0,3
BRDA:26,5,1,3
BRDA:28,6,0,0
BRDA:28,6,1,3
BRDA:29,7,0,1
BRDA:29,7,1,2
BRDA:39,8,0,0
BRDA:39,8,1,2
BRDA:40,9,0,0
BRDA:40,9,1,2
BRDA:44,10,0,0
BRDA:44,10,1,2
BRDA:48,11,0,1
BRDA:48,11,1,1
BRDA:57,12,0,2
BRDA:57,12,1,10
BRDA:59,13,0,0
BRDA:59,13,1,1
BRDA:59,14,0,1
BRDA:59,14,1,0
BRDA:63,15,0,0
BRDA:63,15,1,1
BRDA:65,16,0,0
BRDA:65,16,1,0
BRDA:65,17,0,0
BRDA:65,17,1,0
BRDA:70,18,0,0
BRDA:70,18,1,1
BRDA:81,19,0,1
BRDA:81,19,1,1
BRDA:83,20,0,0
BRDA:83,20,1,0
BRDA:83,21,0,0
BRDA:83,21,1,0
BRDA:85,22,0,0
BRDA:85,22,1,0
BRDA:94,23,0,0
BRDA:94,23,1,1
BRDA:94,24,0,1
BRDA:94,24,1,1
BRDA:96,25,0,0
BRDA:96,25,1,0
BRDA:96,26,0,0
BRDA:96,26,1,0
BRDA:96,27,0,0
BRDA:96,27,1,0
BRDA:107,28,0,0
BRDA:107,28,1,1
BRDA:108,29,0,0
BRDA:108,29,1,1
BRDA:113,30,0,0
BRDA:113,30,1,1
BRDA:116,31,0,0
BRDA:116,31,1,1
BRF:66
BRH:27
end_of_record
TN:
SF:app/api/canteen/prep-summary/route.ts
FN:37,GET
FN:119,(anonymous_1)
FN:121,(anonymous_2)
FN:122,(anonymous_3)
FNF:4
FNH:2
FNDA:1,GET
FNDA:1,(anonymous_1)
FNDA:0,(anonymous_2)
FNDA:0,(anonymous_3)
DA:1,1
DA:2,1
DA:3,1
DA:5,1
DA:37,1
DA:38,1
DA:39,1
DA:40,1
DA:41,0
DA:44,1
DA:45,1
DA:47,1
DA:50,1
DA:52,1
DA:62,1
DA:63,1
DA:67,1
DA:68,1
DA:69,1
DA:70,1
DA:71,1
DA:72,1
DA:78,1
DA:79,0
DA:80,0
DA:83,1
DA:84,0
DA:88,1
DA:90,1
DA:91,2
DA:92,2
DA:93,2
DA:94,3
DA:95,3
DA:96,3
DA:97,3
DA:98,3
DA:99,3
DA:100,1
DA:102,2
DA:113,1
DA:119,1
DA:121,0
DA:122,0
DA:125,1
LF:45
LH:39
BRDA:39,0,0,0
BRDA:39,0,1,1
BRDA:40,1,0,0
BRDA:40,1,1,1
BRDA:47,2,0,0
BRDA:47,2,1,1
BRDA:47,3,0,1
BRDA:47,3,1,1
BRDA:48,4,0,0
BRDA:48,4,1,0
BRDA:48,5,0,0
BRDA:48,5,1,0
BRDA:48,6,0,0
BRDA:48,6,1,0
BRDA:48,7,0,0
BRDA:48,7,1,0
BRDA:49,8,0,1
BRDA:49,8,1,0
BRDA:49,9,0,1
BRDA:49,9,1,1
BRDA:50,10,0,0
BRDA:50,10,1,1
BRDA:78,11,0,1
BRDA:78,11,1,0
BRDA:78,12,0,1
BRDA:78,12,1,0
BRDA:78,13,0,1
BRDA:78,13,1,1
BRDA:80,14,0,0
BRDA:80,14,1,0
BRDA:83,15,0,0
BRDA:83,15,1,1
BRDA:84,16,0,0
BRDA:84,16,1,0
BRDA:84,17,0,0
BRDA:84,17,1,0
BRDA:90,18,0,1
BRDA:90,18,1,0
BRDA:90,19,0,1
BRDA:90,19,1,1
BRDA:91,20,0,2
BRDA:91,20,1,0
BRDA:91,21,0,2
BRDA:91,21,1,2
BRDA:91,22,0,2
BRDA:91,22,1,0
BRDA:91,23,0,2
BRDA:91,23,1,2
BRDA:91,24,0,2
BRDA:91,24,1,0
BRDA:91,25,0,2
BRDA:91,25,1,2
BRDA:91,26,0,0
BRDA:91,26,1,2
BRDA:91,27,0,2
BRDA:91,27,1,2
BRDA:92,28,0,1
BRDA:92,28,1,1
BRDA:93,29,0,2
BRDA:93,29,1,0
BRDA:93,30,0,2
BRDA:93,30,1,2
BRDA:95,31,0,0
BRDA:95,31,1,3
BRDA:96,32,0,3
BRDA:96,32,1,0
BRDA:96,33,0,3
BRDA:96,33,1,3
BRDA:97,34,0,2
BRDA:97,34,1,1
BRDA:99,35,0,1
BRDA:99,35,1,2
BRDA:105,36,0,1
BRDA:105,36,1,1
BRDA:106,37,0,2
BRDA:106,37,1,0
BRDA:106,38,0,2
BRDA:106,38,1,2
BRDA:127,39,0,1
BRDA:127,39,1,0
BRDA:127,40,0,1
BRDA:127,40,1,1
BRF:82
BRH:50
end_of_record
TN:
SF:app/api/canteen/sales/route.ts
FN:19,r2
FN:24,toIst
FN:25,istUtcStart
FN:30,GET
FN:75,(anonymous_4)
FN:126,(anonymous_5)
FN:127,(anonymous_6)
FN:128,(anonymous_7)
FNF:8
FNH:0
FNDA:0,r2
FNDA:0,toIst
FNDA:0,istUtcStart
FNDA:0,GET
FNDA:0,(anonymous_4)
FNDA:0,(anonymous_5)
FNDA:0,(anonymous_6)
FNDA:0,(anonymous_7)
DA:14,0
DA:15,0
DA:17,0
DA:19,0
DA:23,0
DA:24,0
DA:26,0
DA:27,0
DA:30,0
DA:31,0
DA:32,0
DA:33,0
DA:34,0
DA:37,0
DA:40,0
DA:42,0
DA:43,0
DA:46,0
DA:50,0
DA:51,0
DA:52,0
DA:53,0
DA:55,0
DA:62,0
DA:64,0
DA:67,0
DA:68,0
DA:69,0
DA:70,0
DA:71,0
DA:73,0
DA:74,0
DA:75,0
DA:76,0
DA:77,0
DA:78,0
DA:79,0
DA:80,0
DA:81,0
DA:82,0
DA:83,0
DA:84,0
DA:86,0
DA:87,0
DA:88,0
DA:89,0
DA:90,0
DA:91,0
DA:92,0
DA:93,0
DA:94,0
DA:97,0
DA:98,0
DA:99,0
DA:100,0
DA:101,0
DA:102,0
DA:103,0
DA:104,0
DA:105,0
DA:106,0
DA:107,0
DA:108,0
DA:110,0
DA:111,0
DA:112,0
DA:113,0
DA:114,0
DA:115,0
DA:118,0
DA:126,0
DA:127,0
DA:128,0
LF:73
LH:0
BRDA:32,0,0,0
BRDA:32,0,1,0
BRDA:33,1,0,0
BRDA:33,1,1,0
BRDA:33,2,0,0
BRDA:33,2,1,0
BRDA:33,3,0,0
BRDA:33,3,1,0
BRDA:43,4,0,0
BRDA:43,4,1,0
BRDA:44,5,0,0
BRDA:44,5,1,0
BRDA:44,6,0,0
BRDA:44,6,1,0
BRDA:44,7,0,0
BRDA:44,7,1,0
BRDA:45,8,0,0
BRDA:45,8,1,0
BRDA:45,9,0,0
BRDA:45,9,1,0
BRDA:46,10,0,0
BRDA:46,10,1,0
BRDA:62,11,0,0
BRDA:62,11,1,0
BRDA:64,12,0,0
BRDA:64,12,1,0
BRDA:64,13,0,0
BRDA:64,13,1,0
BRDA:98,14,0,0
BRDA:98,14,1,0
BRDA:101,15,0,0
BRDA:101,15,1,0
BRDA:102,16,0,0
BRDA:102,16,1,0
BRDA:103,17,0,0
BRDA:103,17,1,0
BRDA:104,18,0,0
BRDA:104,18,1,0
BRDA:105,19,0,0
BRDA:105,19,1,0
BRDA:112,20,0,0
BRDA:112,20,1,0
BRDA:115,21,0,0
BRDA:115,21,1,0
BRF:44
BRH:0
end_of_record
TN:
SF:app/api/canteen/slot-control/route.ts
FN:25,canEdit
FN:30,resolveCanteenId
FN:40,GET
FN:103,PATCH
FN:112,(anonymous_4)
FNF:5
FNH:4
FNDA:5,canEdit
FNDA:4,resolveCanteenId
FNDA:2,GET
FNDA:3,PATCH
FNDA:0,(anonymous_4)
DA:1,1
DA:2,1
DA:3,1
DA:4,1
DA:5,1
DA:7,1
DA:26,5
DA:31,4
DA:32,4
DA:33,4
DA:34,0
DA:37,4
DA:40,1
DA:41,2
DA:42,2
DA:43,2
DA:44,1
DA:46,1
DA:47,1
DA:49,1
DA:50,1
DA:60,1
DA:61,1
DA:73,1
DA:78,1
DA:79,1
DA:82,1
DA:83,1
DA:87,1
DA:88,0
DA:91,1
DA:92,1
DA:94,1
DA:100,1
DA:103,1
DA:104,3
DA:105,3
DA:106,3
DA:107,0
DA:109,3
DA:110,3
DA:112,3
DA:113,3
DA:116,3
DA:123,3
DA:124,3
DA:125,36
DA:127,3
DA:128,1
DA:132,2
DA:133,1
DA:134,1
DA:135,0
DA:137,1
DA:139,2
DA:140,1
DA:141,1
DA:142,1
DA:144,0
DA:147,1
DA:149,1
DA:153,1
DA:159,1
DA:160,0
DA:166,1
DA:167,1
DA:170,1
DA:171,0
DA:174,1
DA:175,1
DA:180,1
LF:71
LH:64
BRDA:26,0,0,5
BRDA:26,0,1,1
BRDA:26,0,2,1
BRDA:26,0,3,1
BRDA:33,1,0,0
BRDA:33,1,1,4
BRDA:33,2,0,4
BRDA:33,2,1,4
BRDA:34,3,0,0
BRDA:34,3,1,0
BRDA:34,4,0,0
BRDA:34,4,1,0
BRDA:34,5,0,0
BRDA:34,5,1,0
BRDA:34,6,0,0
BRDA:34,6,1,0
BRDA:37,7,0,4
BRDA:37,7,1,0
BRDA:37,8,0,4
BRDA:37,8,1,4
BRDA:42,9,0,0
BRDA:42,9,1,2
BRDA:43,10,0,1
BRDA:43,10,1,1
BRDA:43,11,0,2
BRDA:43,11,1,1
BRDA:47,12,0,0
BRDA:47,12,1,1
BRDA:60,13,0,1
BRDA:60,13,1,0
BRDA:60,14,0,1
BRDA:60,14,1,1
BRDA:82,15,0,1
BRDA:82,15,1,0
BRDA:87,16,0,0
BRDA:87,16,1,1
BRDA:87,17,0,1
BRDA:87,17,1,1
BRDA:105,18,0,0
BRDA:105,18,1,3
BRDA:106,19,0,0
BRDA:106,19,1,3
BRDA:110,20,0,0
BRDA:110,20,1,3
BRDA:113,21,0,0
BRDA:113,21,1,3
BRDA:125,22,0,2
BRDA:125,22,1,34
BRDA:127,23,0,1
BRDA:127,23,1,2
BRDA:132,24,0,1
BRDA:132,24,1,1
BRDA:134,25,0,0
BRDA:134,25,1,1
BRDA:134,26,0,1
BRDA:134,26,1,1
BRDA:139,27,0,1
BRDA:139,27,1,1
BRDA:141,28,0,1
BRDA:141,28,1,0
BRDA:159,29,0,0
BRDA:159,29,1,1
BRDA:159,30,0,1
BRDA:159,30,1,1
BRDA:166,31,0,1
BRDA:166,31,1,0
BRDA:170,32,0,0
BRDA:170,32,1,1
BRDA:170,33,0,1
BRDA:170,33,1,1
BRF:70
BRH:46
end_of_record
TN:
SF:app/api/canteens/route.ts
FN:17,haversineKm
FN:37,GET
FN:67,(anonymous_3)
FN:81,(anonymous_4)
FN:85,(anonymous_5)
FNF:5
FNH:5
FNDA:4,haversineKm
FNDA:4,GET
FNDA:4,(anonymous_3)
FNDA:4,(anonymous_4)
FNDA:1,(anonymous_5)
DA:1,1
DA:3,1
DA:18,4
DA:19,4
DA:20,4
DA:21,4
DA:24,4
DA:37,1
DA:38,4
DA:39,4
DA:40,4
DA:41,4
DA:42,4
DA:43,4
DA:45,4
DA:46,4
DA:47,4
DA:48,4
DA:50,4
DA:51,4
DA:55,4
DA:56,1
DA:58,4
DA:59,1
DA:60,1
DA:63,4
DA:64,4
DA:66,4
DA:67,4
DA:68,4
DA:73,4
DA:74,4
DA:75,4
DA:76,4
DA:77,4
DA:80,4
DA:81,4
DA:84,4
DA:85,1
DA:91,4
LF:40
LH:40
BRDA:39,0,0,3
BRDA:39,0,1,1
BRDA:39,1,0,4
BRDA:39,1,1,1
BRDA:40,2,0,3
BRDA:40,2,1,1
BRDA:40,3,0,4
BRDA:40,3,1,1
BRDA:45,4,0,2
BRDA:45,4,1,2
BRDA:46,5,0,2
BRDA:46,5,1,2
BRDA:47,6,0,4
BRDA:47,6,1,2
BRDA:47,6,2,2
BRDA:47,6,3,2
BRDA:48,7,0,2
BRDA:48,7,1,2
BRDA:48,8,0,2
BRDA:48,8,1,0
BRDA:55,9,0,1
BRDA:55,9,1,3
BRDA:58,10,0,1
BRDA:58,10,1,3
BRDA:64,11,0,0
BRDA:64,11,1,4
BRDA:66,12,0,4
BRDA:66,12,1,0
BRDA:66,13,0,4
BRDA:66,13,1,4
BRDA:68,14,0,4
BRDA:68,14,1,0
BRDA:68,15,0,4
BRDA:68,15,1,4
BRDA:68,15,2,4
BRDA:74,16,0,0
BRDA:74,16,1,4
BRDA:74,17,0,0
BRDA:74,17,1,0
BRDA:74,18,0,0
BRDA:74,18,1,0
BRDA:74,19,0,0
BRDA:74,19,1,0
BRDA:74,20,0,0
BRDA:74,20,1,0
BRDA:74,21,0,0
BRDA:74,21,1,4
BRDA:74,22,0,4
BRDA:74,22,1,4
BRDA:74,23,0,4
BRDA:74,23,1,0
BRDA:74,24,0,4
BRDA:74,24,1,4
BRDA:80,25,0,2
BRDA:80,25,1,2
BRDA:80,26,0,4
BRDA:80,26,1,2
BRDA:81,27,0,4
BRDA:81,27,1,4
BRDA:84,28,0,2
BRDA:84,28,1,2
BRDA:85,29,0,1
BRDA:85,29,1,0
BRDA:85,30,0,1
BRDA:85,30,1,1
BRDA:85,31,0,1
BRDA:85,31,1,0
BRDA:85,32,0,1
BRDA:85,32,1,1
BRF:69
BRH:52
end_of_record
TN:
SF:app/api/canteens/[id]/route.ts
FN:10,GET
FNF:1
FNH:0
FNDA:0,GET
DA:1,0
DA:3,0
DA:10,0
DA:14,0
DA:15,0
DA:17,0
DA:18,0
DA:24,0
DA:25,0
DA:38,0
DA:40,0
DA:47,0
DA:48,0
DA:50,0
DA:55,0
DA:59,0
DA:63,0
DA:68,0
DA:69,0
DA:71,0
DA:76,0
DA:77,0
DA:79,0
DA:84,0
DA:88,0
DA:90,0
LF:26
LH:0
BRDA:15,0,0,0
BRDA:15,0,1,0
BRDA:24,1,0,0
BRDA:24,1,1,0
BRDA:25,2,0,0
BRDA:25,2,1,0
BRDA:47,3,0,0
BRDA:47,3,1,0
BRDA:48,4,0,0
BRDA:48,4,1,0
BRDA:48,5,0,0
BRDA:48,5,1,0
BRDA:55,6,0,0
BRDA:55,6,1,0
BRDA:55,7,0,0
BRDA:55,7,1,0
BRDA:68,8,0,0
BRDA:68,8,1,0
BRDA:68,9,0,0
BRDA:68,9,1,0
BRDA:69,10,0,0
BRDA:69,10,1,0
BRDA:69,11,0,0
BRDA:69,11,1,0
BRDA:69,12,0,0
BRDA:69,12,1,0
BRDA:69,13,0,0
BRDA:69,13,1,0
BRDA:69,14,0,0
BRDA:69,14,1,0
BRDA:76,15,0,0
BRDA:76,15,1,0
BRDA:76,16,0,0
BRDA:76,16,1,0
BRDA:77,17,0,0
BRDA:77,17,1,0
BRDA:77,18,0,0
BRDA:77,18,1,0
BRDA:77,19,0,0
BRDA:77,19,1,0
BRDA:77,20,0,0
BRDA:77,20,1,0
BRDA:77,21,0,0
BRDA:77,21,1,0
BRDA:84,22,0,0
BRDA:84,22,1,0
BRDA:84,23,0,0
BRDA:84,23,1,0
BRDA:84,24,0,0
BRDA:84,24,1,0
BRF:50
BRH:0
end_of_record
TN:
SF:app/api/canteens/[id]/meal-windows/route.ts
FN:20,hhmm
FN:25,GET
FNF:2
FNH:0
FNDA:0,hhmm
FNDA:0,GET
DA:2,0
DA:12,0
DA:21,0
DA:22,0
DA:25,0
DA:26,0
DA:27,0
DA:29,0
DA:30,0
DA:36,0
DA:37,0
DA:41,0
DA:48,0
DA:49,0
DA:50,0
DA:54,0
DA:61,0
LF:17
LH:0
BRDA:21,0,0,0
BRDA:21,0,1,0
BRDA:22,1,0,0
BRDA:22,1,1,0
BRDA:27,2,0,0
BRDA:27,2,1,0
BRDA:36,3,0,0
BRDA:36,3,1,0
BRDA:41,4,0,0
BRDA:41,4,1,0
BRDA:41,5,0,0
BRDA:41,5,1,0
BRDA:50,6,0,0
BRDA:50,6,1,0
BRDA:50,7,0,0
BRDA:50,7,1,0
BRDA:50,7,2,0
BRF:17
BRH:0
end_of_record
TN:
SF:app/api/canteens/[id]/menu/route.ts
FN:6,missingColumn
FN:13,istMinuteOfDay
FN:17,pickNextOpenSlot
FN:24,(anonymous_3)
FN:26,(anonymous_4)
FN:45,GET
FN:88,(anonymous_6)
FN:111,(anonymous_7)
FN:116,(anonymous_8)
FN:126,(anonymous_9)
FNF:10
FNH:0
FNDA:0,missingColumn
FNDA:0,istMinuteOfDay
FNDA:0,pickNextOpenSlot
FNDA:0,(anonymous_3)
FNDA:0,(anonymous_4)
FNDA:0,GET
FNDA:0,(anonymous_6)
FNDA:0,(anonymous_7)
FNDA:0,(anonymous_8)
FNDA:0,(anonymous_9)
DA:1,0
DA:2,0
DA:4,0
DA:7,0
DA:8,0
DA:9,0
DA:10,0
DA:14,0
DA:21,0
DA:22,0
DA:23,0
DA:24,0
DA:26,0
DA:27,0
DA:28,0
DA:29,0
DA:30,0
DA:32,0
DA:45,0
DA:49,0
DA:50,0
DA:51,0
DA:54,0
DA:66,0
DA:71,0
DA:72,0
DA:73,0
DA:74,0
DA:75,0
DA:84,0
DA:85,0
DA:86,0
DA:87,0
DA:88,0
DA:89,0
DA:90,0
DA:92,0
DA:97,0
DA:102,0
DA:103,0
DA:108,0
DA:109,0
DA:111,0
DA:115,0
DA:117,0
DA:118,0
DA:119,0
DA:120,0
DA:121,0
DA:122,0
DA:123,0
DA:124,0
DA:126,0
DA:138,0
DA:139,0
DA:140,0
DA:144,0
LF:57
LH:0
BRDA:8,0,0,0
BRDA:8,0,1,0
BRDA:9,1,0,0
BRDA:9,1,1,0
BRDA:9,2,0,0
BRDA:9,2,1,0
BRDA:13,3,0,0
BRDA:21,4,0,0
BRDA:21,4,1,0
BRDA:30,5,0,0
BRDA:30,5,1,0
BRDA:32,6,0,0
BRDA:32,6,1,0
BRDA:32,7,0,0
BRDA:32,7,1,0
BRDA:32,8,0,0
BRDA:32,8,1,0
BRDA:32,9,0,0
BRDA:32,9,1,0
BRDA:50,10,0,0
BRDA:50,10,1,0
BRDA:50,11,0,0
BRDA:50,11,1,0
BRDA:50,11,2,0
BRDA:73,12,0,0
BRDA:73,12,1,0
BRDA:84,13,0,0
BRDA:84,13,1,0
BRDA:84,14,0,0
BRDA:84,14,1,0
BRDA:84,15,0,0
BRDA:84,15,1,0
BRDA:87,16,0,0
BRDA:87,16,1,0
BRDA:89,17,0,0
BRDA:89,17,1,0
BRDA:92,18,0,0
BRDA:92,18,1,0
BRDA:92,19,0,0
BRDA:92,19,1,0
BRDA:92,20,0,0
BRDA:92,20,1,0
BRDA:102,21,0,0
BRDA:102,21,1,0
BRDA:102,22,0,0
BRDA:102,22,1,0
BRDA:102,23,0,0
BRDA:102,23,1,0
BRDA:108,24,0,0
BRDA:108,24,1,0
BRDA:108,25,0,0
BRDA:108,25,1,0
BRDA:117,26,0,0
BRDA:117,26,1,0
BRDA:117,27,0,0
BRDA:117,27,1,0
BRDA:118,28,0,0
BRDA:118,28,1,0
BRDA:118,29,0,0
BRDA:118,29,1,0
BRDA:119,30,0,0
BRDA:119,30,1,0
BRDA:119,31,0,0
BRDA:119,31,1,0
BRDA:120,32,0,0
BRDA:120,32,1,0
BRDA:120,33,0,0
BRDA:120,33,1,0
BRDA:121,34,0,0
BRDA:121,34,1,0
BRDA:121,35,0,0
BRDA:121,35,1,0
BRDA:122,36,0,0
BRDA:122,36,1,0
BRDA:122,37,0,0
BRDA:122,37,1,0
BRDA:123,38,0,0
BRDA:123,38,1,0
BRDA:123,39,0,0
BRDA:123,39,1,0
BRDA:129,40,0,0
BRDA:129,40,1,0
BRDA:129,41,0,0
BRDA:129,41,1,0
BRDA:130,42,0,0
BRDA:130,42,1,0
BRDA:130,43,0,0
BRDA:130,43,1,0
BRDA:131,44,0,0
BRDA:131,44,1,0
BRDA:131,45,0,0
BRDA:131,45,1,0
BRDA:132,46,0,0
BRDA:132,46,1,0
BRDA:132,47,0,0
BRDA:132,47,1,0
BRDA:133,48,0,0
BRDA:133,48,1,0
BRDA:133,49,0,0
BRDA:133,49,1,0
BRF:100
BRH:0
end_of_record
TN:
SF:app/api/canteens/[id]/toggle/route.ts
FN:13,PATCH
FN:21,(anonymous_1)
FNF:2
FNH:0
FNDA:0,PATCH
FNDA:0,(anonymous_1)
DA:2,0
DA:4,0
DA:5,0
DA:13,0
DA:17,0
DA:19,0
DA:21,0
DA:22,0
DA:27,0
DA:28,0
DA:30,0
DA:32,0
DA:33,0
DA:37,0
DA:38,0
DA:41,0
DA:46,0
DA:47,0
DA:48,0
DA:50,0
DA:51,0
DA:52,0
DA:53,0
DA:57,0
DA:63,0
DA:64,0
DA:67,0
DA:70,0
DA:71,0
DA:75,0
DA:87,0
DA:88,0
DA:91,0
LF:33
LH:0
BRDA:4,0,0,0
BRDA:4,0,1,0
BRDA:5,1,0,0
BRDA:5,1,1,0
BRDA:19,2,0,0
BRDA:19,2,1,0
BRDA:19,3,0,0
BRDA:19,3,1,0
BRDA:32,4,0,0
BRDA:32,4,1,0
BRDA:37,5,0,0
BRDA:37,5,1,0
BRDA:37,6,0,0
BRDA:37,6,1,0
BRDA:46,7,0,0
BRDA:46,7,1,0
BRDA:46,8,0,0
BRDA:46,8,1,0
BRDA:47,9,0,0
BRDA:47,9,1,0
BRDA:52,10,0,0
BRDA:52,10,1,0
BRDA:52,11,0,0
BRDA:52,11,1,0
BRDA:63,12,0,0
BRDA:63,12,1,0
BRDA:63,13,0,0
BRDA:63,13,1,0
BRDA:64,14,0,0
BRDA:64,14,1,0
BRDA:64,15,0,0
BRDA:64,15,1,0
BRDA:67,16,0,0
BRDA:67,16,1,0
BRDA:67,16,2,0
BRDA:67,16,3,0
BRDA:70,17,0,0
BRDA:70,17,1,0
BRDA:79,18,0,0
BRDA:79,18,1,0
BRDA:87,19,0,0
BRDA:87,19,1,0
BRF:42
BRH:0
end_of_record
TN:
SF:app/api/canteens/colleges/route.ts
FN:10,GET
FN:25,(anonymous_1)
FNF:2
FNH:2
FNDA:1,GET
FNDA:4,(anonymous_1)
DA:1,1
DA:3,1
DA:10,1
DA:11,1
DA:12,1
DA:18,1
DA:20,1
DA:21,1
DA:22,5
DA:23,5
DA:25,4
DA:26,1
LF:12
LH:12
BRDA:18,0,0,0
BRDA:18,0,1,1
BRDA:21,1,0,1
BRDA:21,1,1,0
BRDA:21,2,0,1
BRDA:21,2,1,1
BRDA:22,3,0,1
BRDA:22,3,1,4
BRDA:22,4,0,5
BRDA:22,4,1,4
BRDA:23,5,0,4
BRDA:23,5,1,1
BRF:12
BRH:10
end_of_record
TN:
SF:app/api/cart/check/route.ts
FN:35,POST
FN:71,(anonymous_1)
FN:125,(anonymous_2)
FN:133,(anonymous_3)
FNF:4
FNH:4
FNDA:6,POST
FNDA:4,(anonymous_1)
FNDA:3,(anonymous_2)
FNDA:3,(anonymous_3)
DA:1,1
DA:2,1
DA:3,1
DA:4,1
DA:5,1
DA:7,1
DA:35,1
DA:36,6
DA:37,6
DA:40,5
DA:41,5
DA:43,0
DA:46,5
DA:47,5
DA:48,5
DA:49,5
DA:50,5
DA:51,5
DA:52,1
DA:54,4
DA:55,4
DA:56,0
DA:60,4
DA:65,4
DA:66,4
DA:68,4
DA:71,4
DA:72,4
DA:73,4
DA:74,4
DA:78,4
DA:82,4
DA:83,4
DA:84,4
DA:85,4
DA:87,0
DA:88,0
DA:90,4
DA:92,4
DA:101,4
DA:102,4
DA:114,4
DA:115,4
DA:116,4
DA:117,4
DA:118,1
DA:120,3
DA:121,0
DA:125,3
DA:126,3
DA:127,3
DA:133,3
DA:134,3
DA:135,3
DA:136,3
DA:137,3
DA:138,3
DA:140,3
DA:147,3
DA:148,3
DA:149,3
DA:150,3
DA:151,3
DA:152,3
DA:153,3
DA:154,3
DA:155,3
DA:156,0
DA:161,3
DA:162,0
DA:173,3
DA:174,3
DA:175,3
DA:176,3
DA:177,3
DA:178,3
DA:179,3
DA:186,3
DA:187,0
DA:189,0
DA:191,3
DA:192,0
DA:195,3
DA:196,3
DA:199,3
DA:206,3
LF:86
LH:76
BRDA:37,0,0,1
BRDA:37,0,1,5
BRDA:48,1,0,0
BRDA:48,1,1,5
BRDA:49,2,0,0
BRDA:49,2,1,5
BRDA:50,3,0,0
BRDA:50,3,1,5
BRDA:51,4,0,1
BRDA:51,4,1,4
BRDA:51,5,0,5
BRDA:51,5,1,5
BRDA:55,6,0,0
BRDA:55,6,1,4
BRDA:55,7,0,4
BRDA:55,7,1,4
BRDA:55,7,2,4
BRDA:66,8,0,0
BRDA:66,8,1,4
BRDA:82,9,0,4
BRDA:82,9,1,0
BRDA:83,10,0,4
BRDA:83,10,1,0
BRDA:83,11,0,4
BRDA:83,11,1,4
BRDA:88,12,0,0
BRDA:88,12,1,0
BRDA:90,13,0,0
BRDA:90,13,1,4
BRDA:101,14,0,4
BRDA:101,14,1,0
BRDA:101,15,0,4
BRDA:101,15,1,4
BRDA:116,16,0,0
BRDA:116,16,1,4
BRDA:117,17,0,1
BRDA:117,17,1,3
BRDA:120,18,0,0
BRDA:120,18,1,3
BRDA:120,19,0,3
BRDA:120,19,1,3
BRDA:135,20,0,0
BRDA:135,20,1,3
BRDA:136,21,0,0
BRDA:136,21,1,3
BRDA:136,22,0,3
BRDA:136,22,1,3
BRDA:137,23,0,0
BRDA:137,23,1,3
BRDA:137,24,0,3
BRDA:137,24,1,3
BRDA:138,25,0,3
BRDA:138,25,1,3
BRDA:140,26,0,0
BRDA:140,26,1,3
BRDA:149,27,0,0
BRDA:149,27,1,3
BRDA:150,28,0,0
BRDA:150,28,1,3
BRDA:150,29,0,3
BRDA:150,29,1,3
BRDA:151,30,0,0
BRDA:151,30,1,3
BRDA:151,31,0,3
BRDA:151,31,1,3
BRDA:152,32,0,0
BRDA:152,32,1,3
BRDA:152,33,0,3
BRDA:152,33,1,3
BRDA:153,34,0,0
BRDA:153,34,1,3
BRDA:153,35,0,3
BRDA:153,35,1,3
BRDA:154,36,0,0
BRDA:154,36,1,3
BRDA:154,37,0,3
BRDA:154,37,1,3
BRDA:155,38,0,0
BRDA:155,38,1,3
BRDA:155,39,0,3
BRDA:155,39,1,3
BRDA:155,39,2,0
BRDA:161,40,0,0
BRDA:161,40,1,3
BRDA:161,41,0,3
BRDA:161,41,1,0
BRDA:161,41,2,0
BRDA:186,42,0,3
BRDA:186,42,1,0
BRDA:186,43,0,3
BRDA:186,43,1,0
BRDA:186,44,0,3
BRDA:186,44,1,3
BRDA:189,45,0,0
BRDA:189,45,1,0
BRDA:191,46,0,0
BRDA:191,46,1,3
BRDA:192,47,0,0
BRDA:192,47,1,0
BRDA:192,48,0,0
BRDA:192,48,1,0
BRDA:201,49,0,3
BRDA:201,49,1,0
BRDA:202,50,0,3
BRDA:202,50,1,0
BRDA:203,51,0,3
BRDA:203,51,1,1
BRDA:214,52,0,3
BRDA:214,52,1,0
BRDA:215,53,0,3
BRDA:215,53,1,0
BRF:111
BRH:70
end_of_record
TN:
SF:app/api/cron/password-expiry-notify/route.ts
FN:23,POST
FNF:1
FNH:0
FNDA:0,POST
DA:18,0
DA:19,0
DA:21,0
DA:23,0
DA:25,0
DA:26,0
DA:27,0
DA:30,0
DA:37,0
DA:39,0
DA:48,0
DA:49,0
DA:50,0
DA:53,0
DA:54,0
DA:57,0
DA:58,0
DA:59,0
DA:61,0
DA:62,0
DA:65,0
DA:73,0
DA:74,0
DA:76,0
DA:77,0
DA:82,0
DA:83,0
DA:89,0
LF:28
LH:0
BRDA:26,0,0,0
BRDA:26,0,1,0
BRDA:26,1,0,0
BRDA:26,1,1,0
BRDA:48,2,0,0
BRDA:48,2,1,0
BRDA:53,3,0,0
BRDA:53,3,1,0
BRDA:53,4,0,0
BRDA:53,4,1,0
BRDA:53,5,0,0
BRDA:53,5,1,0
BRDA:62,6,0,0
BRDA:62,6,1,0
BRDA:73,7,0,0
BRDA:73,7,1,0
BRDA:82,8,0,0
BRDA:82,8,1,0
BRDA:93,9,0,0
BRDA:93,9,1,0
BRF:20
BRH:0
end_of_record
TN:
SF:app/api/menu/route.ts
FN:6,GET
FNF:1
FNH:0
FNDA:0,GET
DA:1,0
DA:2,0
DA:4,0
DA:6,0
DA:7,0
LF:5
LH:0
BRF:0
BRH:0
end_of_record
TN:
SF:app/api/notifications/route.ts
FN:8,GET
FN:53,(anonymous_1)
FN:58,(anonymous_2)
FN:59,(anonymous_3)
FN:60,(anonymous_4)
FN:66,POST
FN:73,(anonymous_6)
FN:121,PATCH
FN:125,(anonymous_8)
FN:130,(anonymous_9)
FNF:10
FNH:5
FNDA:2,GET
FNDA:1,(anonymous_1)
FNDA:0,(anonymous_2)
FNDA:1,(anonymous_3)
FNDA:1,(anonymous_4)
FNDA:7,POST
FNDA:0,(anonymous_6)
FNDA:0,PATCH
FNDA:0,(anonymous_8)
FNDA:0,(anonymous_9)
DA:1,2
DA:2,2
DA:3,2
DA:5,2
DA:8,2
DA:9,2
DA:10,2
DA:12,1
DA:15,1
DA:18,1
DA:25,1
DA:32,0
DA:33,0
DA:34,0
DA:35,0
DA:36,0
DA:37,0
DA:39,0
DA:41,0
DA:42,0
DA:43,0
DA:45,0
DA:46,0
DA:49,1
DA:50,1
DA:53,1
DA:54,1
DA:58,1
DA:59,1
DA:60,1
DA:62,1
DA:66,2
DA:67,7
DA:68,7
DA:69,7
DA:70,2
DA:73,5
DA:74,5
DA:76,5
DA:78,5
DA:79,4
DA:81,4
DA:82,4
DA:83,0
DA:86,4
DA:87,0
DA:91,4
DA:92,4
DA:93,1
DA:96,3
DA:97,3
DA:115,3
DA:117,3
DA:121,2
DA:122,0
DA:123,0
DA:125,0
DA:126,0
DA:127,0
DA:129,0
DA:130,0
DA:131,0
DA:133,0
LF:63
LH:40
BRDA:10,0,0,1
BRDA:10,0,1,1
BRDA:15,1,0,0
BRDA:15,1,1,1
BRDA:15,2,0,1
BRDA:15,2,1,0
BRDA:25,3,0,0
BRDA:25,3,1,1
BRDA:25,4,0,1
BRDA:25,4,1,0
BRDA:34,5,0,0
BRDA:34,5,1,0
BRDA:35,6,0,0
BRDA:35,6,1,0
BRDA:36,7,0,0
BRDA:36,7,1,0
BRDA:36,8,0,0
BRDA:36,8,1,0
BRDA:37,9,0,0
BRDA:37,9,1,0
BRDA:42,10,0,0
BRDA:42,10,1,0
BRDA:50,11,0,0
BRDA:50,11,1,1
BRDA:53,12,0,1
BRDA:53,12,1,0
BRDA:53,13,0,1
BRDA:53,13,1,1
BRDA:54,14,0,1
BRDA:54,14,1,0
BRDA:58,15,0,1
BRDA:58,15,1,0
BRDA:58,16,0,1
BRDA:58,16,1,1
BRDA:59,17,0,1
BRDA:59,17,1,0
BRDA:59,18,0,1
BRDA:59,18,1,1
BRDA:68,19,0,0
BRDA:68,19,1,7
BRDA:69,20,0,2
BRDA:69,20,1,5
BRDA:69,21,0,7
BRDA:69,21,1,2
BRDA:74,22,0,0
BRDA:74,22,1,5
BRDA:78,23,0,1
BRDA:78,23,1,4
BRDA:78,24,0,1
BRDA:78,24,1,4
BRDA:78,25,0,5
BRDA:78,25,1,5
BRDA:79,26,0,0
BRDA:79,26,1,4
BRDA:79,27,0,0
BRDA:79,27,1,4
BRDA:79,28,0,4
BRDA:79,28,1,4
BRDA:82,29,0,0
BRDA:82,29,1,4
BRDA:82,30,0,4
BRDA:82,30,1,4
BRDA:86,31,0,0
BRDA:86,31,1,4
BRDA:86,32,0,4
BRDA:86,32,1,4
BRDA:86,32,2,0
BRDA:92,33,0,1
BRDA:92,33,1,3
BRDA:92,34,0,4
BRDA:92,34,1,3
BRDA:104,35,0,0
BRDA:104,35,1,3
BRDA:104,36,0,3
BRDA:104,36,1,3
BRDA:109,37,0,1
BRDA:109,37,1,2
BRDA:109,38,0,3
BRDA:109,38,1,2
BRDA:115,39,0,0
BRDA:115,39,1,3
BRDA:123,40,0,0
BRDA:123,40,1,0
BRDA:126,41,0,0
BRDA:126,41,1,0
BRDA:126,42,0,0
BRDA:126,42,1,0
BRDA:126,43,0,0
BRDA:126,43,1,0
BRDA:127,44,0,0
BRDA:127,44,1,0
BRF:91
BRH:51
end_of_record
TN:
SF:app/api/notifications/device-token/route.ts
FN:19,POST
FN:23,(anonymous_1)
FNF:2
FNH:0
FNDA:0,POST
FNDA:0,(anonymous_1)
DA:2,0
DA:3,0
DA:5,0
DA:7,0
DA:19,0
DA:20,0
DA:21,0
DA:23,0
DA:24,0
DA:26,0
DA:27,0
DA:28,0
DA:29,0
DA:32,0
DA:35,0
DA:42,0
DA:44,0
DA:45,0
DA:47,0
DA:50,0
LF:20
LH:0
BRDA:21,0,0,0
BRDA:21,0,1,0
BRDA:24,1,0,0
BRDA:24,1,1,0
BRDA:26,2,0,0
BRDA:26,2,1,0
BRDA:27,3,0,0
BRDA:27,3,1,0
BRDA:28,4,0,0
BRDA:28,4,1,0
BRDA:28,5,0,0
BRDA:28,5,1,0
BRDA:42,6,0,0
BRDA:42,6,1,0
BRDA:44,7,0,0
BRDA:44,7,1,0
BRF:16
BRH:0
end_of_record
TN:
SF:app/api/orders/route.ts
FN:16,validatePayload
FN:30,(anonymous_1)
FN:40,mapOrderItems
FN:42,(anonymous_3)
FN:43,(anonymous_4)
FN:57,(anonymous_5)
FN:60,GET
FN:108,POST
FN:118,(anonymous_8)
FN:134,(anonymous_9)
FNF:10
FNH:0
FNDA:0,validatePayload
FNDA:0,(anonymous_1)
FNDA:0,mapOrderItems
FNDA:0,(anonymous_3)
FNDA:0,(anonymous_4)
FNDA:0,(anonymous_5)
FNDA:0,GET
FNDA:0,POST
FNDA:0,(anonymous_8)
FNDA:0,(anonymous_9)
DA:1,0
DA:2,0
DA:3,0
DA:4,0
DA:5,0
DA:6,0
DA:7,0
DA:14,0
DA:17,0
DA:18,0
DA:21,0
DA:22,0
DA:23,0
DA:26,0
DA:27,0
DA:30,0
DA:31,0
DA:32,0
DA:35,0
DA:36,0
DA:41,0
DA:43,0
DA:44,0
DA:45,0
DA:48,0
DA:49,0
DA:57,0
DA:60,0
DA:61,0
DA:62,0
DA:63,0
DA:65,0
DA:66,0
DA:67,0
DA:68,0
DA:69,0
DA:70,0
DA:71,0
DA:74,0
DA:78,0
DA:81,0
DA:82,0
DA:87,0
DA:88,0
DA:89,0
DA:90,0
DA:91,0
DA:95,0
DA:98,0
DA:101,0
DA:103,0
DA:104,0
DA:108,0
DA:110,0
DA:111,0
DA:113,0
DA:116,0
DA:118,0
DA:120,0
DA:121,0
DA:124,0
DA:125,0
DA:126,0
DA:129,0
DA:130,0
DA:131,0
DA:134,0
DA:135,0
DA:144,0
LF:69
LH:0
BRDA:17,0,0,0
BRDA:17,0,1,0
BRDA:17,1,0,0
BRDA:17,1,1,0
BRDA:22,2,0,0
BRDA:22,2,1,0
BRDA:26,3,0,0
BRDA:26,3,1,0
BRDA:26,4,0,0
BRDA:26,4,1,0
BRDA:31,5,0,0
BRDA:31,5,1,0
BRDA:31,6,0,0
BRDA:31,6,1,0
BRDA:36,7,0,0
BRDA:36,7,1,0
BRDA:43,8,0,0
BRDA:43,8,1,0
BRDA:44,9,0,0
BRDA:44,9,1,0
BRDA:44,10,0,0
BRDA:44,10,1,0
BRDA:44,10,2,0
BRDA:63,11,0,0
BRDA:63,11,1,0
BRDA:66,12,0,0
BRDA:66,12,1,0
BRDA:66,12,2,0
BRDA:67,13,0,0
BRDA:67,13,1,0
BRDA:68,14,0,0
BRDA:68,14,1,0
BRDA:70,15,0,0
BRDA:70,15,1,0
BRDA:82,16,0,0
BRDA:82,16,1,0
BRDA:87,17,0,0
BRDA:87,17,1,0
BRDA:87,17,2,0
BRDA:88,18,0,0
BRDA:88,18,1,0
BRDA:90,19,0,0
BRDA:90,19,1,0
BRDA:103,20,0,0
BRDA:103,20,1,0
BRDA:116,21,0,0
BRDA:116,21,1,0
BRDA:120,22,0,0
BRDA:120,22,1,0
BRDA:125,23,0,0
BRDA:125,23,1,0
BRDA:125,24,0,0
BRDA:125,24,1,0
BRDA:130,25,0,0
BRDA:130,25,1,0
BRF:55
BRH:0
end_of_record
TN:
SF:app/api/orders/[id]/route.ts
FN:5,GET
FNF:1
FNH:0
FNDA:0,GET
DA:1,0
DA:2,0
DA:5,0
DA:9,0
DA:10,0
DA:11,0
DA:12,0
DA:15,0
DA:16,0
DA:18,0
DA:19,0
DA:23,0
DA:24,0
DA:26,0
DA:29,0
DA:30,0
DA:31,0
DA:34,0
DA:36,0
DA:37,0
LF:20
LH:0
BRDA:11,0,0,0
BRDA:11,0,1,0
BRDA:18,1,0,0
BRDA:18,1,1,0
BRDA:24,2,0,0
BRDA:24,2,1,0
BRDA:26,3,0,0
BRDA:26,3,1,0
BRDA:26,3,2,0
BRDA:26,3,3,0
BRDA:26,3,4,0
BRDA:30,4,0,0
BRDA:30,4,1,0
BRDA:30,5,0,0
BRDA:30,5,1,0
BRDA:30,5,2,0
BRF:16
BRH:0
end_of_record
TN:
SF:app/api/orders/[id]/cancel/route.ts
FN:33,resolveRefundAmountPaise
FN:51,POST
FN:78,(anonymous_2)
FN:156,(anonymous_3)
FN:176,(anonymous_4)
FN:176,(anonymous_5)
FN:237,(anonymous_6)
FN:237,(anonymous_7)
FN:239,(anonymous_8)
FN:239,(anonymous_9)
FN:240,(anonymous_10)
FN:240,(anonymous_11)
FN:257,(anonymous_12)
FN:257,(anonymous_13)
FN:269,(anonymous_14)
FN:269,(anonymous_15)
FNF:16
FNH:6
FNDA:0,resolveRefundAmountPaise
FNDA:16,POST
FNDA:0,(anonymous_2)
FNDA:0,(anonymous_3)
FNDA:0,(anonymous_4)
FNDA:0,(anonymous_5)
FNDA:5,(anonymous_6)
FNDA:0,(anonymous_7)
FNDA:7,(anonymous_8)
FNDA:0,(anonymous_9)
FNDA:7,(anonymous_10)
FNDA:0,(anonymous_11)
FNDA:5,(anonymous_12)
FNDA:0,(anonymous_13)
FNDA:7,(anonymous_14)
FNDA:0,(anonymous_15)
DA:23,1
DA:24,1
DA:25,1
DA:26,1
DA:28,1
DA:30,1
DA:31,1
DA:38,0
DA:39,0
DA:45,0
DA:46,0
DA:47,0
DA:48,0
DA:51,1
DA:57,16
DA:58,16
DA:60,0
DA:62,16
DA:67,15
DA:68,15
DA:69,15
DA:70,15
DA:71,2
DA:73,13
DA:74,0
DA:78,13
DA:79,13
DA:80,13
DA:81,1
DA:83,12
DA:84,1
DA:87,11
DA:88,11
DA:91,11
DA:106,11
DA:107,1
DA:111,10
DA:112,1
DA:115,9
DA:116,1
DA:118,8
DA:119,1
DA:123,7
DA:124,7
DA:125,7
DA:127,7
DA:128,7
DA:129,0
DA:130,0
DA:131,0
DA:132,0
DA:133,0
DA:135,0
DA:136,0
DA:141,0
DA:149,0
DA:150,0
DA:151,0
DA:156,0
DA:157,0
DA:158,0
DA:159,0
DA:160,0
DA:165,0
DA:166,0
DA:167,0
DA:168,0
DA:178,0
DA:179,0
DA:182,0
DA:183,0
DA:189,7
DA:190,7
DA:201,7
DA:211,7
DA:212,1
DA:213,1
DA:219,1
DA:220,1
DA:223,7
DA:224,0
DA:225,0
DA:229,7
DA:236,7
DA:237,5
DA:239,7
DA:240,7
DA:243,7
DA:245,5
DA:249,5
DA:261,7
DA:271,7
LF:92
LH:58
BRDA:38,0,0,0
BRDA:38,0,1,0
BRDA:45,1,0,0
BRDA:45,1,1,0
BRDA:46,2,0,0
BRDA:46,2,1,0
BRDA:46,3,0,0
BRDA:46,3,1,0
BRDA:46,4,0,0
BRDA:46,4,1,0
BRDA:47,5,0,0
BRDA:47,5,1,0
BRDA:47,6,0,0
BRDA:47,6,1,0
BRDA:47,7,0,0
BRDA:47,7,1,0
BRDA:62,8,0,1
BRDA:62,8,1,15
BRDA:67,9,0,15
BRDA:67,9,1,0
BRDA:67,10,0,15
BRDA:67,10,1,15
BRDA:68,11,0,15
BRDA:68,11,1,6
BRDA:69,12,0,15
BRDA:69,12,1,13
BRDA:70,13,0,2
BRDA:70,13,1,13
BRDA:70,14,0,15
BRDA:70,14,1,5
BRDA:73,15,0,0
BRDA:73,15,1,13
BRDA:79,16,0,13
BRDA:79,16,1,0
BRDA:79,17,0,13
BRDA:79,17,1,13
BRDA:79,18,0,0
BRDA:79,18,1,13
BRDA:79,19,0,13
BRDA:79,19,1,13
BRDA:80,20,0,1
BRDA:80,20,1,12
BRDA:83,21,0,1
BRDA:83,21,1,11
BRDA:106,22,0,1
BRDA:106,22,1,10
BRDA:106,23,0,11
BRDA:106,23,1,10
BRDA:111,24,0,1
BRDA:111,24,1,9
BRDA:111,25,0,10
BRDA:111,25,1,3
BRDA:111,25,2,3
BRDA:115,26,0,1
BRDA:115,26,1,8
BRDA:118,27,0,1
BRDA:118,27,1,7
BRDA:118,28,0,8
BRDA:118,28,1,7
BRDA:127,29,0,0
BRDA:127,29,1,7
BRDA:127,30,0,7
BRDA:127,30,1,0
BRDA:128,31,0,0
BRDA:128,31,1,7
BRDA:129,32,0,0
BRDA:129,32,1,0
BRDA:130,33,0,0
BRDA:130,33,1,0
BRDA:131,34,0,0
BRDA:131,34,1,0
BRDA:131,35,0,0
BRDA:131,35,1,0
BRDA:149,36,0,0
BRDA:149,36,1,0
BRDA:157,37,0,0
BRDA:157,37,1,0
BRDA:157,38,0,0
BRDA:157,38,1,0
BRDA:157,39,0,0
BRDA:157,39,1,0
BRDA:157,40,0,0
BRDA:157,40,1,0
BRDA:165,41,0,0
BRDA:165,41,1,0
BRDA:165,42,0,0
BRDA:165,42,1,0
BRDA:165,43,0,0
BRDA:165,43,1,0
BRDA:165,44,0,0
BRDA:165,44,1,0
BRDA:165,45,0,0
BRDA:165,45,1,0
BRDA:166,46,0,0
BRDA:166,46,1,0
BRDA:166,47,0,0
BRDA:166,47,1,0
BRDA:166,48,0,0
BRDA:166,48,1,0
BRDA:166,49,0,0
BRDA:166,49,1,0
BRDA:166,50,0,0
BRDA:166,50,1,0
BRDA:171,51,0,0
BRDA:171,51,1,0
[...]
FNDA:0,(anonymous_3)
FNDA:0,writeActiveOrders
FNDA:0,(anonymous_5)
FNDA:0,upsertActiveOrder
FNDA:0,(anonymous_7)
FNDA:0,removeActiveOrder
FNDA:0,(anonymous_9)
FNDA:0,latestActiveOrder
DA:9,0
DA:10,0
DA:11,0
DA:14,0
DA:15,0
DA:18,0
DA:19,0
DA:21,0
DA:22,0
DA:23,0
DA:24,0
DA:25,0
DA:27,0
DA:28,0
DA:29,0
DA:32,0
DA:33,0
DA:34,0
DA:35,0
DA:36,0
DA:42,0
DA:43,0
DA:44,0
DA:45,0
DA:46,0
DA:48,0
DA:52,0
DA:53,0
DA:54,0
DA:55,0
DA:56,0
DA:57,0
DA:59,0
DA:63,0
DA:64,0
DA:65,0
DA:66,0
DA:67,0
DA:70,0
DA:71,0
DA:72,0
DA:73,0
DA:74,0
DA:77,0
DA:78,0
DA:79,0
LF:46
LH:0
BRDA:14,0,0,0
BRDA:14,0,1,0
BRDA:14,1,0,0
BRDA:14,1,1,0
BRDA:15,2,0,0
BRDA:15,2,1,0
BRDA:15,2,2,0
BRDA:19,3,0,0
BRDA:19,3,1,0
BRDA:23,4,0,0
BRDA:23,4,1,0
BRDA:23,5,0,0
BRDA:23,5,1,0
BRDA:23,6,0,0
BRDA:23,6,1,0
BRDA:24,7,0,0
BRDA:24,7,1,0
BRDA:24,8,0,0
BRDA:24,8,1,0
BRDA:24,8,2,0
BRDA:34,9,0,0
BRDA:34,9,1,0
BRDA:36,10,0,0
BRDA:36,10,1,0
BRDA:44,11,0,0
BRDA:44,11,1,0
BRDA:53,12,0,0
BRDA:53,12,1,0
BRDA:54,13,0,0
BRDA:54,13,1,0
BRDA:54,14,0,0
BRDA:54,14,1,0
BRDA:54,15,0,0
BRDA:54,15,1,0
BRDA:56,16,0,0
BRDA:56,16,1,0
BRDA:65,17,0,0
BRDA:65,17,1,0
BRDA:79,18,0,0
BRDA:79,18,1,0
BRF:40
BRH:0
end_of_record
TN:
SF:lib/atomicBinClaim.ts
FN:23,claimFreeBinsAtomic
FN:67,(anonymous_1)
FNF:2
FNH:0
FNDA:0,claimFreeBinsAtomic
FNDA:0,(anonymous_1)
DA:7,0
DA:23,0
DA:29,0
DA:30,0
DA:37,0
DA:41,0
DA:42,0
DA:56,0
DA:57,0
DA:66,0
DA:67,0
DA:69,0
DA:72,0
DA:73,0
DA:84,0
DA:91,0
LF:16
LH:0
BRDA:29,0,0,0
BRDA:29,0,1,0
BRDA:56,1,0,0
BRDA:56,1,1,0
BRDA:66,2,0,0
BRDA:66,2,1,0
BRDA:66,3,0,0
BRDA:66,3,1,0
BRDA:69,4,0,0
BRDA:69,4,1,0
BRDA:72,5,0,0
BRDA:72,5,1,0
BRF:12
BRH:0
end_of_record
TN:
SF:lib/authServer.ts
FN:14,extractSubFromToken
FN:21,getRequestContext
FN:78,(anonymous_2)
FN:78,(anonymous_3)
FNF:4
FNH:0
FNDA:0,extractSubFromToken
FNDA:0,getRequestContext
FNDA:0,(anonymous_2)
FNDA:0,(anonymous_3)
DA:1,0
DA:15,0
DA:16,0
DA:17,0
DA:18,0
DA:21,0
DA:24,0
DA:25,0
DA:27,0
DA:28,0
DA:33,0
DA:35,0
DA:42,0
DA:43,0
DA:47,0
DA:48,0
DA:49,0
DA:54,0
DA:57,0
DA:58,0
DA:64,0
DA:65,0
DA:71,0
DA:72,0
DA:74,0
DA:78,0
DA:82,0
LF:27
LH:0
BRDA:17,0,0,0
BRDA:17,0,1,0
BRDA:25,1,0,0
BRDA:25,1,1,0
BRDA:25,2,0,0
BRDA:25,2,1,0
BRDA:25,3,0,0
BRDA:25,3,1,0
BRDA:37,4,0,0
BRDA:37,4,1,0
BRDA:42,5,0,0
BRDA:42,5,1,0
BRDA:42,6,0,0
BRDA:42,6,1,0
BRDA:48,7,0,0
BRDA:48,7,1,0
BRDA:57,8,0,0
BRDA:57,8,1,0
BRDA:57,9,0,0
BRDA:57,9,1,0
BRDA:57,10,0,0
BRDA:57,10,1,0
BRDA:57,11,0,0
BRDA:57,11,1,0
BRDA:58,12,0,0
BRDA:58,12,1,0
BRDA:58,13,0,0
BRDA:58,13,1,0
BRDA:58,14,0,0
BRDA:58,14,1,0
BRDA:58,15,0,0
BRDA:58,15,1,0
BRDA:64,16,0,0
BRDA:64,16,1,0
BRDA:64,17,0,0
BRDA:64,17,1,0
BRDA:64,17,2,0
BRDA:64,17,3,0
BRDA:71,18,0,0
BRDA:71,18,1,0
BRDA:71,19,0,0
BRDA:71,19,1,0
BRDA:71,20,0,0
BRDA:71,20,1,0
BRF:44
BRH:0
end_of_record
TN:
SF:lib/binProvisioning.ts
FN:23,binCode
FN:35,ensureBinsForCanteen
FN:46,(anonymous_2)
FN:60,(anonymous_3)
FN:78,(anonymous_4)
FN:79,(anonymous_5)
FNF:6
FNH:5
FNDA:220,binCode
FNDA:3,ensureBinsForCanteen
FNDA:18,(anonymous_2)
FNDA:0,(anonymous_3)
FNDA:220,(anonymous_4)
FNDA:220,(anonymous_5)
DA:8,2
DA:12,2
DA:23,2
DA:24,220
DA:35,2
DA:40,3
DA:41,3
DA:42,3
DA:43,3
DA:45,3
DA:46,3
DA:47,18
DA:48,18
DA:49,220
DA:53,3
DA:56,3
DA:60,3
DA:65,3
DA:66,220
DA:67,220
DA:68,220
DA:69,0
DA:73,0
DA:77,3
DA:78,220
DA:79,220
DA:88,3
DA:89,3
DA:90,3
DA:91,0
DA:92,0
DA:94,3
LF:32
LH:28
BRDA:40,0,0,0
BRDA:40,0,1,3
BRDA:40,1,0,3
BRDA:40,1,1,3
BRDA:40,1,2,3
BRDA:47,2,0,4
BRDA:47,2,1,14
BRDA:53,3,0,0
BRDA:53,3,1,3
BRDA:60,4,0,0
BRDA:60,4,1,3
BRDA:60,5,0,3
BRDA:60,5,1,3
BRDA:68,6,0,0
BRDA:68,6,1,220
BRDA:68,7,0,220
BRDA:68,7,1,220
BRDA:68,7,2,220
BRDA:88,8,0,0
BRDA:88,8,1,3
BRDA:90,9,0,0
BRDA:90,9,1,3
BRF:22
BRH:16
end_of_record
TN:
SF:lib/capacitorBootstrap.ts
FN:13,useCapacitorBootstrap
FN:14,(anonymous_10)
FN:17,(anonymous_11)
FN:19,(anonymous_12)
FN:24,(anonymous_13)
FN:33,(anonymous_14)
FN:42,(anonymous_15)
FNF:7
FNH:0
FNDA:0,useCapacitorBootstrap
FNDA:0,(anonymous_10)
FNDA:0,(anonymous_11)
FNDA:0,(anonymous_12)
FNDA:0,(anonymous_13)
FNDA:0,(anonymous_14)
FNDA:0,(anonymous_15)
DA:11,0
DA:13,0
DA:14,0
DA:17,0
DA:18,0
DA:19,0
DA:20,0
DA:23,0
DA:24,0
DA:25,0
DA:26,0
DA:27,0
DA:32,0
DA:33,0
DA:34,0
DA:35,0
DA:36,0
DA:37,0
DA:38,0
DA:40,0
DA:41,0
DA:42,0
DA:45,0
DA:46,0
LF:24
LH:0
BRDA:20,0,0,0
BRDA:20,0,1,0
BRDA:26,1,0,0
BRDA:26,1,1,0
BRDA:36,2,0,0
BRDA:36,2,1,0
BRDA:40,3,0,0
BRDA:40,3,1,0
BRF:8
BRH:0
end_of_record
TN:
SF:lib/mealPeriod.ts
FN:31,istHourMinutes
FN:37,toMin
FN:42,getCurrentMealPeriod
FN:57,mealLabel
FN:60,(anonymous_4)
FN:72,categoryToMealPeriod
FNF:6
FNH:0
FNDA:0,istHourMinutes
FNDA:0,toMin
FNDA:0,getCurrentMealPeriod
FNDA:0,mealLabel
FNDA:0,(anonymous_4)
FNDA:0,categoryToMealPeriod
DA:24,0
DA:32,0
DA:33,0
DA:34,0
DA:38,0
DA:39,0
DA:42,0
DA:46,0
DA:47,0
DA:48,0
DA:49,0
DA:50,0
DA:51,0
DA:52,0
DA:54,0
DA:57,0
DA:58,0
DA:59,0
DA:60,0
DA:61,0
DA:62,0
DA:63,0
DA:64,0
DA:66,0
DA:72,0
DA:73,0
DA:74,0
DA:75,0
DA:76,0
DA:77,0
DA:78,0
DA:79,0
DA:82,0
LF:33
LH:0
BRDA:39,0,0,0
BRDA:39,0,1,0
BRDA:43,1,0,0
BRDA:44,2,0,0
BRDA:50,3,0,0
BRDA:50,3,1,0
BRDA:52,4,0,0
BRDA:52,4,1,0
BRDA:52,5,0,0
BRDA:52,5,1,0
BRDA:59,6,0,0
BRDA:59,6,1,0
BRDA:63,7,0,0
BRDA:63,7,1,0
BRDA:64,8,0,0
BRDA:64,8,1,0
BRDA:73,9,0,0
BRDA:73,9,1,0
BRDA:75,10,0,0
BRDA:75,10,1,0
BRDA:76,11,0,0
BRDA:76,11,1,0
BRDA:77,12,0,0
BRDA:77,12,1,0
BRDA:77,13,0,0
BRDA:77,13,1,0
BRDA:78,14,0,0
BRDA:78,14,1,0
BRF:28
BRH:0
end_of_record
TN:
SF:lib/menu.ts
FNF:0
FNH:0
DA:4,0
LF:1
LH:0
BRF:0
BRH:0
end_of_record
TN:
SF:lib/menuItemCapacity.ts
FN:15,istDayStartIso
FN:23,getMenuItemUsageForToday
FN:40,(anonymous_2)
FN:43,(anonymous_3)
FN:48,(anonymous_4)
FN:51,(anonymous_5)
FNF:6
FNH:0
FNDA:0,istDayStartIso
FNDA:0,getMenuItemUsageForToday
FNDA:0,(anonymous_2)
FNDA:0,(anonymous_3)
FNDA:0,(anonymous_4)
FNDA:0,(anonymous_5)
DA:16,0
DA:17,0
DA:18,0
DA:19,0
DA:20,0
DA:23,1
DA:27,0
DA:28,0
DA:30,0
DA:32,0
DA:38,0
DA:40,0
DA:41,0
DA:44,0
DA:45,0
DA:46,0
DA:48,0
DA:51,0
DA:52,0
DA:55,0
DA:62,0
DA:63,0
DA:64,0
DA:66,0
DA:68,0
DA:69,0
DA:70,0
DA:71,0
DA:72,0
DA:73,0
DA:74,0
DA:76,0
DA:77,0
DA:78,0
DA:82,0
LF:35
LH:1
BRDA:15,0,0,0
BRDA:30,1,0,0
BRDA:30,1,1,0
BRDA:38,2,0,0
BRDA:38,2,1,0
BRDA:38,3,0,0
BRDA:38,3,1,0
BRDA:38,3,2,0
BRDA:44,4,0,0
BRDA:44,4,1,0
BRDA:44,5,0,0
BRDA:44,5,1,0
BRDA:44,6,0,0
BRDA:44,6,1,0
BRDA:45,7,0,0
BRDA:45,7,1,0
BRDA:45,8,0,0
BRDA:45,8,1,0
BRDA:45,9,0,0
BRDA:45,9,1,0
BRDA:52,10,0,0
BRDA:52,10,1,0
BRDA:63,11,0,0
BRDA:63,11,1,0
BRDA:63,12,0,0
BRDA:63,12,1,0
BRDA:66,13,0,0
BRDA:66,13,1,0
BRDA:66,14,0,0
BRDA:66,14,1,0
BRDA:69,15,0,0
BRDA:69,15,1,0
BRDA:69,16,0,0
BRDA:69,16,1,0
BRDA:70,17,0,0
BRDA:70,17,1,0
BRDA:70,18,0,0
BRDA:70,18,1,0
BRDA:71,19,0,0
BRDA:71,19,1,0
BRDA:71,20,0,0
BRDA:71,20,1,0
BRDA:72,21,0,0
BRDA:72,21,1,0
BRDA:72,22,0,0
BRDA:72,22,1,0
BRDA:73,23,0,0
BRDA:73,23,1,0
BRDA:74,24,0,0
BRDA:74,24,1,0
BRDA:74,25,0,0
BRDA:74,25,1,0
BRDA:74,25,2,0
BRDA:76,26,0,0
BRDA:76,26,1,0
BRDA:76,27,0,0
BRDA:76,27,1,0
BRDA:77,28,0,0
BRDA:77,28,1,0
BRDA:78,29,0,0
BRDA:78,29,1,0
BRDA:78,30,0,0
BRDA:78,30,1,0
BRF:63
BRH:0
end_of_record
TN:
SF:lib/orderAutoAccept.ts
FN:24,autoAcceptPlacedOrders
FN:28,(anonymous_1)
FNF:2
FNH:2
FNDA:3,autoAcceptPlacedOrders
FNDA:4,(anonymous_1)
DA:24,1
DA:25,3
DA:26,3
DA:28,3
DA:29,4
DA:30,4
DA:31,3
DA:34,4
DA:40,4
DA:41,1
DA:43,4
DA:44,1
DA:47,4
DA:50,3
DA:51,3
DA:52,2
DA:55,1
DA:56,1
DA:57,1
DA:58,1
DA:60,0
DA:63,0
LF:22
LH:20
BRDA:25,0,0,2
BRDA:30,1,0,3
BRDA:30,1,1,1
BRDA:40,2,0,1
BRDA:40,2,1,3
BRDA:43,3,0,1
BRDA:43,3,1,3
BRDA:51,4,0,2
BRDA:51,4,1,1
BRDA:52,5,0,2
BRDA:52,5,1,0
BRDA:52,6,0,2
BRDA:52,6,1,2
BRDA:52,7,0,0
BRDA:52,7,1,2
BRDA:52,8,0,2
BRDA:52,8,1,2
BRDA:55,9,0,1
BRDA:55,9,1,0
BRDA:57,10,0,1
BRDA:57,10,1,0
BRDA:58,11,0,1
BRDA:58,11,1,0
BRDA:58,12,0,1
BRDA:58,12,1,1
BRDA:58,13,0,0
BRDA:58,13,1,1
BRDA:58,14,0,1
BRDA:58,14,1,1
BRF:29
BRH:23
end_of_record
TN:
SF:lib/orderRepository.ts
FN:5,toCanteenOrder
FN:7,(anonymous_1)
FN:55,(anonymous_2)
FN:56,(anonymous_3)
FN:61,(anonymous_4)
FN:72,listOrdersForUser
FN:86,(anonymous_6)
FN:92,listRecentOrders
FN:110,(anonymous_8)
FN:116,createOrder
FN:144,(anonymous_10)
FN:164,updateOrderStatus
FNF:12
FNH:0
FNDA:0,toCanteenOrder
FNDA:0,(anonymous_1)
FNDA:0,(anonymous_2)
FNDA:0,(anonymous_3)
FNDA:0,(anonymous_4)
FNDA:0,listOrdersForUser
FNDA:0,(anonymous_6)
FNDA:0,listRecentOrders
FNDA:0,(anonymous_8)
FNDA:0,createOrder
FNDA:0,(anonymous_10)
FNDA:0,updateOrderStatus
DA:1,0
DA:6,0
DA:7,0
DA:16,0
DA:22,0
DA:24,0
DA:25,0
DA:27,0
DA:55,0
DA:56,0
DA:61,0
DA:72,0
DA:73,0
DA:74,0
DA:79,0
DA:80,0
DA:86,0
DA:87,0
DA:89,0
DA:92,0
DA:93,0
DA:96,0
DA:102,0
DA:103,0
DA:104,0
DA:105,0
DA:107,0
DA:108,0
DA:109,0
DA:110,0
DA:111,0
DA:113,0
DA:116,0
DA:119,0
DA:122,0
DA:123,0
DA:124,0
DA:125,0
DA:126,0
DA:129,0
DA:139,0
DA:142,0
DA:143,0
DA:144,0
DA:153,0
DA:164,0
DA:165,0
DA:166,0
DA:172,0
DA:173,0
LF:50
LH:0
BRDA:6,0,0,0
BRDA:6,0,1,0
BRDA:8,1,0,0
BRDA:8,1,1,0
BRDA:8,2,0,0
BRDA:8,2,1,0
BRDA:9,3,0,0
BRDA:9,3,1,0
BRDA:9,4,0,0
BRDA:9,4,1,0
BRDA:9,5,0,0
BRDA:9,5,1,0
BRDA:9,6,0,0
BRDA:9,6,1,0
BRDA:9,7,0,0
BRDA:9,7,1,0
BRDA:9,8,0,0
BRDA:9,8,1,0
BRDA:10,9,0,0
BRDA:10,9,1,0
BRDA:10,10,0,0
BRDA:10,10,1,0
BRDA:11,11,0,0
BRDA:11,11,1,0
BRDA:11,12,0,0
BRDA:11,12,1,0
BRDA:12,13,0,0
BRDA:12,13,1,0
BRDA:12,14,0,0
BRDA:12,14,1,0
BRDA:12,15,0,0
BRDA:12,15,1,0
BRDA:12,16,0,0
BRDA:12,16,1,0
BRDA:22,17,0,0
BRDA:22,17,1,0
BRDA:22,18,0,0
BRDA:22,18,1,0
BRDA:30,19,0,0
BRDA:30,19,1,0
BRDA:30,20,0,0
BRDA:30,20,1,0
BRDA:30,21,0,0
BRDA:30,21,1,0
BRDA:30,22,0,0
BRDA:30,22,1,0
BRDA:30,23,0,0
BRDA:30,23,1,0
BRDA:30,24,0,0
BRDA:30,24,1,0
BRDA:32,25,0,0
BRDA:32,25,1,0
BRDA:32,26,0,0
BRDA:32,26,1,0
BRDA:33,27,0,0
BRDA:33,27,1,0
BRDA:33,28,0,0
BRDA:33,28,1,0
BRDA:35,29,0,0
BRDA:35,29,1,0
BRDA:36,30,0,0
BRDA:36,30,1,0
BRDA:37,31,0,0
BRDA:37,31,1,0
BRDA:38,32,0,0
BRDA:38,32,1,0
BRDA:39,33,0,0
BRDA:39,33,1,0
BRDA:39,34,0,0
BRDA:39,34,1,0
BRDA:40,35,0,0
BRDA:40,35,1,0
BRDA:41,36,0,0
BRDA:41,36,1,0
BRDA:41,37,0,0
BRDA:41,37,1,0
BRDA:41,38,0,0
BRDA:41,38,1,0
BRDA:43,39,0,0
BRDA:43,39,1,0
BRDA:44,40,0,0
BRDA:44,40,1,0
BRDA:45,41,0,0
BRDA:45,41,1,0
BRDA:45,42,0,0
BRDA:45,42,1,0
BRDA:45,43,0,0
BRDA:45,43,1,0
BRDA:45,44,0,0
BRDA:45,44,1,0
BRDA:46,45,0,0
BRDA:46,45,1,0
BRDA:46,46,0,0
BRDA:46,46,1,0
BRDA:46,47,0,0
BRDA:46,47,1,0
BRDA:46,48,0,0
BRDA:46,48,1,0
BRDA:47,49,0,0
BRDA:47,49,1,0
BRDA:48,50,0,0
BRDA:48,50,1,0
BRDA:48,51,0,0
BRDA:48,51,1,0
BRDA:48,52,0,0
BRDA:48,52,1,0
BRDA:49,53,0,0
BRDA:49,53,1,0
BRDA:50,54,0,0
BRDA:50,54,1,0
BRDA:51,55,0,0
BRDA:51,55,1,0
BRDA:52,56,0,0
BRDA:52,56,1,0
BRDA:55,57,0,0
BRDA:55,57,1,0
BRDA:55,58,0,0
BRDA:55,58,1,0
BRDA:55,59,0,0
BRDA:55,59,1,0
BRDA:55,60,0,0
BRDA:55,60,1,0
BRDA:57,61,0,0
BRDA:57,61,1,0
BRDA:57,62,0,0
BRDA:57,62,1,0
BRDA:58,63,0,0
BRDA:58,63,1,0
BRDA:58,64,0,0
BRDA:58,64,1,0
BRDA:59,65,0,0
BRDA:59,65,1,0
BRDA:59,66,0,0
BRDA:59,66,1,0
BRDA:60,67,0,0
BRDA:60,67,1,0
BRDA:62,68,0,0
BRDA:62,68,1,0
BRDA:62,69,0,0
BRDA:62,69,1,0
BRDA:63,70,0,0
BRDA:63,70,1,0
BRDA:63,71,0,0
BRDA:63,71,1,0
BRDA:64,72,0,0
BRDA:64,72,1,0
BRDA:86,73,0,0
BRDA:86,73,1,0
BRDA:86,74,0,0
BRDA:86,74,1,0
BRDA:86,75,0,0
BRDA:86,75,1,0
BRDA:87,76,0,0
BRDA:87,76,1,0
BRDA:92,77,0,0
BRDA:104,78,0,0
BRDA:104,78,1,0
BRDA:108,79,0,0
BRDA:108,79,1,0
BRDA:110,80,0,0
BRDA:110,80,1,0
BRDA:110,81,0,0
BRDA:110,81,1,0
BRDA:110,82,0,0
BRDA:110,82,1,0
BRDA:111,83,0,0
BRDA:111,83,1,0
BRDA:123,84,0,0
BRDA:123,84,1,0
BRDA:123,85,0,0
BRDA:123,85,1,0
BRDA:123,86,0,0
BRDA:123,86,1,0
BRDA:123,87,0,0
BRDA:123,87,1,0
BRDA:124,88,0,0
BRDA:124,88,1,0
BRDA:126,89,0,0
BRDA:126,89,1,0
BRDA:126,90,0,0
BRDA:126,90,1,0
BRDA:126,91,0,0
BRDA:126,91,1,0
BRDA:126,92,0,0
BRDA:126,92,1,0
BRDA:135,93,0,0
BRDA:135,93,1,0
BRDA:135,94,0,0
BRDA:135,94,1,0
BRDA:139,95,0,0
BRDA:139,95,1,0
BRDA:139,96,0,0
BRDA:139,96,1,0
BRDA:139,97,0,0
BRDA:139,97,1,0
BRDA:139,98,0,0
BRDA:139,98,1,0
BRDA:142,99,0,0
BRDA:142,99,1,0
BRDA:172,100,0,0
BRDA:172,100,1,0
BRF:201
BRH:0
end_of_record
TN:
SF:lib/paymentLedger.ts
FN:13,r2
FN:25,computeCommission
FN:45,fetchActiveCharges
FN:83,recordPaymentIdempotent
FNF:4
FNH:2
FNDA:15,r2
FNDA:5,computeCommission
FNDA:0,fetchActiveCharges
FNDA:0,recordPaymentIdempotent
DA:1,1
DA:14,15
DA:25,1
DA:31,5
DA:32,5
DA:33,5
DA:34,5
DA:45,1
DA:50,0
DA:51,0
DA:58,0
DA:83,1
DA:88,0
DA:91,0
DA:97,0
DA:98,0
DA:112,0
DA:113,0
DA:114,0
DA:121,0
DA:144,0
DA:146,0
DA:151,0
DA:152,0
DA:155,0
LF:25
LH:9
BRDA:59,0,0,0
BRDA:59,0,1,0
BRDA:59,1,0,0
BRDA:59,1,1,0
BRDA:59,2,0,0
BRDA:59,2,1,0
BRDA:59,3,0,0
BRDA:59,3,1,0
BRDA:60,4,0,0
BRDA:60,4,1,0
BRDA:60,5,0,0
BRDA:60,5,1,0
BRDA:60,6,0,0
BRDA:60,6,1,0
BRDA:60,7,0,0
BRDA:60,7,1,0
BRDA:61,8,0,0
BRDA:61,8,1,0
BRDA:61,9,0,0
BRDA:61,9,1,0
BRDA:61,10,0,0
BRDA:61,10,1,0
BRDA:61,11,0,0
BRDA:61,11,1,0
BRDA:97,12,0,0
BRDA:97,12,1,0
BRDA:126,13,0,0
BRDA:126,13,1,0
BRDA:126,14,0,0
BRDA:126,14,1,0
BRDA:127,15,0,0
BRDA:127,15,1,0
BRDA:127,16,0,0
BRDA:127,16,1,0
BRDA:128,17,0,0
BRDA:128,17,1,0
BRDA:128,18,0,0
BRDA:128,18,1,0
BRDA:129,19,0,0
BRDA:129,19,1,0
BRDA:129,20,0,0
BRDA:129,20,1,0
BRDA:138,21,0,0
BRDA:138,21,1,0
BRDA:138,22,0,0
BRDA:138,22,1,0
BRDA:139,23,0,0
BRDA:139,23,1,0
BRDA:139,24,0,0
BRDA:139,24,1,0
BRDA:144,25,0,0
BRDA:144,25,1,0
BRDA:151,26,0,0
BRDA:151,26,1,0
BRF:54
BRH:0
end_of_record
TN:
SF:lib/pickupGuard.ts
FN:23,findUnfulfilledSiblings
FN:37,(anonymous_1)
FN:42,(anonymous_2)
FN:43,(anonymous_3)
FN:48,(anonymous_4)
FNF:5
FNH:0
FNDA:0,findUnfulfilledSiblings
FNDA:0,(anonymous_1)
FNDA:0,(anonymous_2)
FNDA:0,(anonymous_3)
FNDA:0,(anonymous_4)
DA:21,1
DA:23,1
DA:27,0
DA:29,0
DA:36,0
DA:37,0
DA:39,0
DA:41,0
DA:42,0
DA:43,0
DA:44,0
DA:45,0
DA:48,0
LF:13
LH:2
BRDA:27,0,0,0
BRDA:27,0,1,0
BRDA:27,1,0,0
BRDA:27,1,1,0
BRDA:36,2,0,0
BRDA:36,2,1,0
BRDA:36,3,0,0
BRDA:36,3,1,0
BRDA:39,4,0,0
BRDA:39,4,1,0
BRDA:44,5,0,0
BRDA:44,5,1,0
BRDA:47,6,0,0
BRDA:47,6,1,0
BRF:14
BRH:0
end_of_record
TN:
SF:lib/rateLimit.ts
FN:28,sweep
FN:59,checkRateLimit
FN:95,clientKey
FNF:3
FNH:2
FNDA:0,sweep
FNDA:18,checkRateLimit
FNDA:6,clientKey
DA:24,2
DA:25,2
DA:26,2
DA:30,0
DA:31,0
DA:34,0
DA:35,0
DA:36,0
DA:37,0
DA:38,0
DA:39,0
DA:42,0
DA:59,2
DA:60,18
DA:61,18
DA:63,18
DA:64,18
DA:65,9
DA:66,9
DA:67,9
DA:75,9
DA:76,3
DA:77,3
DA:85,6
DA:86,6
DA:95,2
DA:96,6
DA:97,2
DA:98,2
DA:99,2
LF:30
LH:21
BRDA:31,0,0,0
BRDA:31,0,1,0
BRDA:34,1,0,0
BRDA:34,1,1,0
BRDA:39,2,0,0
BRDA:39,2,1,0
BRDA:61,3,0,0
BRDA:61,3,1,18
BRDA:64,4,0,9
BRDA:64,4,1,9
BRDA:64,5,0,18
BRDA:64,5,1,10
BRDA:75,6,0,3
BRDA:75,6,1,6
BRDA:96,7,0,4
BRDA:96,7,1,2
BRDA:97,8,0,1
BRDA:97,8,1,1
BRDA:97,9,0,2
BRDA:97,9,1,1
BRDA:98,10,0,2
BRDA:98,10,1,1
BRF:22
BRH:15
end_of_record
TN:
SF:lib/roleChecks.ts
FN:6,isAdminRole
FN:10,canManageOrders
FN:14,canManageMenu
FN:18,canViewAllUsers
FN:23,canMutateUsers
FNF:5
FNH:5
FNDA:13,isAdminRole
FNDA:35,canManageOrders
FNDA:7,canManageMenu
FNDA:11,canViewAllUsers
FNDA:28,canMutateUsers
DA:6,6
DA:7,13
DA:10,6
DA:11,35
DA:14,6
DA:15,7
DA:18,6
DA:19,11
DA:23,6
DA:24,28
LF:10
LH:10
BRDA:7,0,0,13
BRDA:7,0,1,11
BRDA:7,0,2,9
BRDA:7,0,3,7
BRDA:7,0,4,5
BRDA:11,1,0,35
BRDA:11,1,1,24
BRDA:11,1,2,22
BRDA:11,1,3,19
BRDA:11,1,4,17
BRDA:15,2,0,7
BRDA:15,2,1,6
BRDA:15,2,2,5
BRDA:19,3,0,11
BRDA:19,3,1,8
BRF:15
BRH:15
end_of_record
TN:
SF:lib/rolesClient.ts
FN:7,useUserRole
FN:19,getDashboardUrl
FN:35,isAdminRole
FNF:3
FNH:0
FNDA:0,useUserRole
FNDA:0,getDashboardUrl
FNDA:0,isAdminRole
DA:1,0
DA:7,0
DA:8,0
DA:9,0
DA:10,0
DA:11,0
DA:13,0
DA:19,0
DA:20,0
DA:22,0
DA:24,0
DA:26,0
DA:28,0
DA:31,0
DA:35,0
DA:36,0
LF:16
LH:0
BRDA:9,0,0,0
BRDA:9,0,1,0
BRDA:9,1,0,0
BRDA:9,1,1,0
BRDA:9,2,0,0
BRDA:9,2,1,0
BRDA:9,3,0,0
BRDA:9,3,1,0
BRDA:10,4,0,0
BRDA:10,4,1,0
BRDA:10,5,0,0
BRDA:10,5,1,0
BRDA:10,6,0,0
BRDA:10,6,1,0
BRDA:10,7,0,0
BRDA:10,7,1,0
BRDA:11,8,0,0
BRDA:11,8,1,0
BRDA:11,9,0,0
BRDA:11,9,1,0
BRDA:11,10,0,0
BRDA:11,10,1,0
BRDA:11,11,0,0
BRDA:11,11,1,0
BRDA:20,12,0,0
BRDA:20,12,1,0
BRDA:20,12,2,0
BRDA:20,12,3,0
BRDA:20,12,4,0
BRDA:20,12,5,0
BRDA:36,13,0,0
BRDA:36,13,1,0
BRDA:36,13,2,0
BRDA:36,13,3,0
BRF:34
BRH:0
end_of_record
TN:
SF:lib/slotCapacity.ts
FN:20,computeSlotCapacity
FN:46,toMinutes
FN:52,toHHMM
FN:62,generateTimeSlots
FN:93,requiresExtraBin
FN:136,assignBins
FN:146,(anonymous_6)
FN:147,(anonymous_7)
FN:149,(anonymous_8)
FN:150,(anonymous_9)
FN:156,(anonymous_10)
FN:164,(anonymous_11)
FN:167,(anonymous_12)
FN:182,(anonymous_13)
FN:185,(anonymous_14)
FNF:15
FNH:14
FNDA:10,computeSlotCapacity
FNDA:19,toMinutes
FNDA:272,toHHMM
FNDA:11,generateTimeSlots
FNDA:4,requiresExtraBin
FNDA:7,assignBins
FNDA:9,(anonymous_6)
FNDA:6,(anonymous_7)
FNDA:9,(anonymous_8)
FNDA:3,(anonymous_9)
FNDA:11,(anonymous_10)
FNDA:9,(anonymous_11)
FNDA:1,(anonymous_12)
FNDA:9,(anonymous_13)
FNDA:0,(anonymous_14)
DA:20,3
DA:21,10
DA:22,2
DA:24,8
DA:25,8
DA:26,8
DA:27,8
DA:28,8
DA:44,3
DA:47,19
DA:48,19
DA:49,18
DA:53,272
DA:54,272
DA:55,272
DA:62,3
DA:67,11
DA:68,1
DA:70,10
DA:71,9
DA:72,9
DA:73,8
DA:74,8
DA:75,136
DA:77,8
DA:93,3
DA:98,4
DA:99,1
DA:101,3
DA:102,3
DA:103,3
DA:136,3
DA:142,7
DA:143,0
DA:145,7
DA:146,9
DA:147,6
DA:148,7
DA:149,9
DA:150,3
DA:152,7
DA:153,7
DA:154,7
DA:156,11
DA:163,7
DA:164,9
DA:165,6
DA:166,6
DA:167,8
DA:168,8
DA:169,8
DA:170,0
DA:171,0
DA:173,8
DA:174,8
DA:175,8
DA:176,8
DA:181,7
DA:182,9
DA:183,3
DA:184,3
DA:185,4
DA:186,4
DA:187,4
DA:188,0
DA:189,0
DA:191,4
DA:192,4
DA:193,4
DA:194,4
DA:198,7
DA:199,7
LF:72
LH:67
BRDA:21,0,0,2
BRDA:21,0,1,8
BRDA:21,1,0,10
BRDA:21,1,1,10
BRDA:48,2,0,1
BRDA:48,2,1,18
BRDA:67,3,0,1
BRDA:67,3,1,10
BRDA:67,4,0,11
BRDA:67,4,1,11
BRDA:72,5,0,1
BRDA:72,5,1,8
BRDA:95,6,0,4
BRDA:96,7,0,4
BRDA:98,8,0,1
BRDA:98,8,1,3
BRDA:106,9,0,2
BRDA:106,9,1,1
BRDA:138,10,0,4
BRDA:139,11,0,4
BRDA:140,12,0,4
BRDA:142,13,0,0
BRDA:142,13,1,7
BRDA:142,14,0,7
BRDA:142,14,1,7
BRDA:166,15,0,14
BRDA:166,15,1,8
BRDA:169,16,0,0
BRDA:169,16,1,8
BRDA:176,17,0,5
BRDA:176,17,1,3
BRDA:184,18,0,7
BRDA:184,18,1,4
BRDA:187,19,0,0
BRDA:187,19,1,4
BRDA:194,20,0,2
BRDA:194,20,1,2
BRDA:198,21,0,3
BRDA:198,21,1,4
BRF:39
BRH:36
end_of_record
TN:
SF:lib/slotControlEnsure.ts
FN:41,ensureSlotControl
FNF:1
FNH:1
FNDA:4,ensureSlotControl
DA:2,1
DA:22,1
DA:41,1
DA:45,4
DA:47,4
DA:52,4
DA:53,1
DA:55,0
DA:56,0
DA:59,1
DA:64,1
DA:65,0
DA:66,0
DA:69,1
DA:70,1
LF:15
LH:11
BRDA:45,0,0,0
BRDA:45,0,1,4
BRDA:52,1,0,3
BRDA:52,1,1,1
BRDA:53,2,0,0
BRDA:53,2,1,1
BRDA:53,3,0,1
BRDA:53,3,1,0
BRDA:64,4,0,0
BRDA:64,4,1,1
BRDA:64,5,0,1
BRDA:64,5,1,1
BRDA:65,6,0,0
BRDA:65,6,1,0
BRDA:65,7,0,0
BRDA:65,7,1,0
BRF:16
BRH:8
end_of_record
TN:
SF:lib/supabase-client.ts
FN:7,isSupabaseConfigured
FN:18,createClient
FN:40,getSupabaseClient
FNF:3
FNH:0
FNDA:0,isSupabaseConfigured
FNDA:0,createClient
FNDA:0,getSupabaseClient
DA:1,0
DA:3,0
DA:4,0
DA:7,0
DA:8,0
DA:18,0
DA:19,0
DA:38,0
DA:40,0
DA:41,0
DA:42,0
LF:11
LH:0
BRDA:3,0,0,0
BRDA:3,0,1,0
BRDA:3,1,0,0
BRDA:3,1,1,0
BRDA:4,2,0,0
BRDA:4,2,1,0
BRDA:4,3,0,0
BRDA:4,3,1,0
BRDA:9,4,0,0
BRDA:9,4,1,0
BRDA:9,4,2,0
BRDA:9,4,3,0
BRDA:9,4,4,0
BRDA:9,4,5,0
BRDA:20,5,0,0
BRDA:20,5,1,0
BRDA:21,6,0,0
BRDA:21,6,1,0
BRDA:41,7,0,0
BRDA:41,7,1,0
BRF:20
BRH:0
end_of_record
TN:
SF:lib/supabase-server.ts
FN:6,createServerSupabaseClient
FN:14,(anonymous_1)
FN:17,(anonymous_2)
FN:19,(anonymous_3)
FN:32,createAdminClient
FNF:5
FNH:0
FNDA:0,createServerSupabaseClient
FNDA:0,(anonymous_1)
FNDA:0,(anonymous_2)
FNDA:0,(anonymous_3)
FNDA:0,createAdminClient
DA:1,1
DA:2,1
DA:3,1
DA:6,1
DA:7,0
DA:9,0
DA:15,0
DA:18,0
DA:19,0
DA:20,0
DA:32,1
DA:33,0
LF:12
LH:5
BRF:0
BRH:0
end_of_record
TN:
SF:lib/useVersionCheck.ts
FN:17,useVersionCheck
FN:20,(anonymous_1)
FN:28,(anonymous_2)
FN:29,(anonymous_3)
FN:30,(anonymous_4)
FNF:5
FNH:0
FNDA:0,useVersionCheck
FNDA:0,(anonymous_1)
FNDA:0,(anonymous_2)
FNDA:0,(anonymous_3)
FNDA:0,(anonymous_4)
DA:3,0
DA:15,0
DA:17,0
DA:18,0
DA:20,0
DA:21,0
DA:27,0
DA:28,0
DA:29,0
DA:33,0
LF:10
LH:0
BRDA:15,0,0,0
BRDA:15,0,1,0
BRDA:21,1,0,0
BRDA:21,1,1,0
BRDA:23,2,0,0
BRDA:23,2,1,0
BRDA:28,3,0,0
BRDA:28,3,1,0
BRDA:29,4,0,0
BRDA:29,4,1,0
BRF:10
BRH:0
end_of_record
TN:
SF:lib/workflows.ts
FN:36,getModuleBySlug
FN:37,(anonymous_1)
FNF:2
FNH:0
FNDA:0,getModuleBySlug
FNDA:0,(anonymous_1)
DA:7,0
DA:16,0
DA:28,0
DA:36,0
DA:37,0
LF:5
LH:0
BRDA:37,0,0,0
BRDA:37,0,1,0
BRDA:37,1,0,0
BRDA:37,1,1,0
BRF:4
BRH:0
end_of_record
